<?xml version="1.0" encoding="UTF-8"?>
<robot generator="Robot 7.1 (Python 3.12.0 on win32)" generated="2025-03-13T13:25:00.932338" rpa="true" schemaversion="5">
<suite id="s1" name="Project" source="c:\Users\Lassi\Documents\GitHub\Oppari-RF\project.robot">
<test id="s1-t1" name="Read CSV file to list and add to database" line="91">
<kw name="Make connection">
<kw name="Connect To Database" owner="DatabaseLibrary">
<msg time="2025-03-13T13:25:01.006867" level="INFO">Looking for configuration file: 'resources\db.cfg'</msg>
<msg time="2025-03-13T13:25:01.008863" level="INFO">Configuration file doesn't exist</msg>
<msg time="2025-03-13T13:25:01.065866" level="INFO">Connect to DB using : pymysql.connect(db='rpakurssi', user='robotuser', passwd=***, host='localhost', port=3306, charset='utf8mb4')</msg>
<arg>pymysql</arg>
<arg>${dbconnect}</arg>
<arg>${dbuser}</arg>
<arg>${dbpassword}</arg>
<arg>${dbhost}</arg>
<arg>${dbport}</arg>
<doc>Creates a database connection using the DB API 2.0 ``db_module`` and the parameters provided.
Along with listed commonly used arguments (`db_name`, `db_host` etc.)
you can set any other DB module specific parameters as key/value pairs.</doc>
<status status="PASS" start="2025-03-13T13:25:01.006867" elapsed="0.067009"/>
</kw>
<arg>${dbname}</arg>
<status status="PASS" start="2025-03-13T13:25:01.005878" elapsed="0.067998"/>
</kw>
<kw name="Get File" owner="OperatingSystem">
<msg time="2025-03-13T13:25:01.075875" level="INFO" html="true">Getting file '&lt;a href="file://c:\Users\Lassi\Documents\GitHub\Oppari-RF\InvoiceHeaderData.csv"&gt;c:\Users\Lassi\Documents\GitHub\Oppari-RF\InvoiceHeaderData.csv&lt;/a&gt;'.</msg>
<msg time="2025-03-13T13:25:01.095403" level="INFO">${outputHeader} = ﻿InvoiceNumber;CompanyName;ReferanceNumber;InvoiceDate;DueDate;CompanyCode;BankAccountNumber;AmountExclVAT;VATAmount;TotalAmount
143143;Service Provider Oy;1431432;15.12.2022;07.04.2021;1234567-8;FI12...</msg>
<var>${outputHeader}</var>
<arg>${PATH}InvoiceHeaderData.csv</arg>
<doc>Returns the contents of a specified file.</doc>
<status status="PASS" start="2025-03-13T13:25:01.074898" elapsed="0.020505"/>
</kw>
<kw name="Get File" owner="OperatingSystem">
<msg time="2025-03-13T13:25:01.097401" level="INFO" html="true">Getting file '&lt;a href="file://c:\Users\Lassi\Documents\GitHub\Oppari-RF\InvoiceRowData.csv"&gt;c:\Users\Lassi\Documents\GitHub\Oppari-RF\InvoiceRowData.csv&lt;/a&gt;'.</msg>
<msg time="2025-03-13T13:25:01.124913" level="INFO">${outputRows} = ﻿Description;Quantity;Unit;UnitPrice;VATPercent;VAT;Total;InvoiceNumber;RowNumber
Installation Services;5;h;60;24;72;372;143143;1
Replacement Products;10;kpl;105;24;252;1302;143143;2
Keyboard Logitech...</msg>
<var>${outputRows}</var>
<arg>${PATH}InvoiceRowData.csv</arg>
<doc>Returns the contents of a specified file.</doc>
<status status="PASS" start="2025-03-13T13:25:01.097401" elapsed="0.028509"/>
</kw>
<kw name="Log" owner="BuiltIn">
<msg time="2025-03-13T13:25:01.126917" level="INFO">﻿InvoiceNumber;CompanyName;ReferanceNumber;InvoiceDate;DueDate;CompanyCode;BankAccountNumber;AmountExclVAT;VATAmount;TotalAmount
143143;Service Provider Oy;1431432;15.12.2022;07.04.2021;1234567-8;FI12 3456 7890 1234 56;1350;32400;1674
1543235;Component  Oy;15432359;01.10.2022;15.10.2022;1234567-9;FI05 1234 5600 7891 01;465;111.6;576.6
153143;Service Provider Oy;1531439;15.12.2022;01.04.2021;1234567-8;FI12 3456 7890 1234 56;2700;64800;3348
</msg>
<arg>${outputHeader}</arg>
<doc>Logs the given message with the given level.</doc>
<status status="PASS" start="2025-03-13T13:25:01.125910" elapsed="0.002000"/>
</kw>
<kw name="Log" owner="BuiltIn">
<msg time="2025-03-13T13:25:01.128915" level="INFO">﻿Description;Quantity;Unit;UnitPrice;VATPercent;VAT;Total;InvoiceNumber;RowNumber
Installation Services;5;h;60;24;72;372;143143;1
Replacement Products;10;kpl;105;24;252;1302;143143;2
Keyboard Logitech;10;kpl;40;24;96;496;1543235;1
Brother printer;1;kpl;65;24;15.6;80.6;1543235;2
Installation Services;5;h;60;24;72;372;153143;1
Replacement Products;10;kpl;105;24;252;1302;153143;2
Cleaning Services;5;h;60;24;72;372;153143;3
Cleaning Wipes;10;kpl;105;24;252;1302;153143;4
</msg>
<arg>${outputRows}</arg>
<doc>Logs the given message with the given level.</doc>
<status status="PASS" start="2025-03-13T13:25:01.127910" elapsed="0.001005"/>
</kw>
<kw name="Split String" owner="String">
<msg time="2025-03-13T13:25:01.130929" level="INFO">@{headers} = [ ﻿InvoiceNumber;CompanyName;ReferanceNumber;InvoiceDate;DueDate;CompanyCode;BankAccountNumber;AmountExclVAT;VATAmount;TotalAmount | 143143;Service Provider Oy;1431432;15.12.2022;07.04.2021;1234567-8;...</msg>
<var>@{headers}</var>
<arg>${outputHeader}</arg>
<arg>\n</arg>
<doc>Splits the ``string`` using ``separator`` as a delimiter string.</doc>
<status status="PASS" start="2025-03-13T13:25:01.129915" elapsed="0.001014"/>
</kw>
<kw name="Split String" owner="String">
<msg time="2025-03-13T13:25:01.132912" level="INFO">@{Rows} = [ ﻿Description;Quantity;Unit;UnitPrice;VATPercent;VAT;Total;InvoiceNumber;RowNumber | Installation Services;5;h;60;24;72;372;143143;1 | Replacement Products;10;kpl;105;24;252;1302;143143;2 | Keyboard ...</msg>
<var>@{Rows}</var>
<arg>${outputRows}</arg>
<arg>\n</arg>
<doc>Splits the ``string`` using ``separator`` as a delimiter string.</doc>
<status status="PASS" start="2025-03-13T13:25:01.131911" elapsed="0.001001"/>
</kw>
<kw name="Get Length" owner="BuiltIn">
<msg time="2025-03-13T13:25:01.133912" level="INFO">Length is 5.</msg>
<msg time="2025-03-13T13:25:01.133912" level="INFO">${Length} = 5</msg>
<var>${Length}</var>
<arg>${headers}</arg>
<doc>Returns and logs the length of the given item as an integer.</doc>
<status status="PASS" start="2025-03-13T13:25:01.132912" elapsed="0.001000"/>
</kw>
<kw name="Evaluate" owner="BuiltIn">
<msg time="2025-03-13T13:25:01.134912" level="INFO">${Length} = 4</msg>
<var>${Length}</var>
<arg>${Length}-1</arg>
<doc>Evaluates the given expression in Python and returns the result.</doc>
<status status="PASS" start="2025-03-13T13:25:01.134912" elapsed="0.000000"/>
</kw>
<kw name="Convert To Integer" owner="BuiltIn">
<msg time="2025-03-13T13:25:01.135916" level="INFO">${index} = 0</msg>
<var>${index}</var>
<arg>0</arg>
<doc>Converts the given item to an integer number.</doc>
<status status="PASS" start="2025-03-13T13:25:01.135916" elapsed="0.000997"/>
</kw>
<kw name="Remove From List" owner="Collections">
<arg>${headers}</arg>
<arg>${Length}</arg>
<doc>Removes and returns the value specified with an ``index`` from ``list``.</doc>
<status status="PASS" start="2025-03-13T13:25:01.136913" elapsed="0.001002"/>
</kw>
<kw name="Remove From List" owner="Collections">
<arg>${headers}</arg>
<arg>${index}</arg>
<doc>Removes and returns the value specified with an ``index`` from ``list``.</doc>
<status status="PASS" start="2025-03-13T13:25:01.138913" elapsed="0.000000"/>
</kw>
<kw name="Get Length" owner="BuiltIn">
<msg time="2025-03-13T13:25:01.139919" level="INFO">Length is 10.</msg>
<msg time="2025-03-13T13:25:01.140912" level="INFO">${Length} = 10</msg>
<var>${Length}</var>
<arg>${Rows}</arg>
<doc>Returns and logs the length of the given item as an integer.</doc>
<status status="PASS" start="2025-03-13T13:25:01.139919" elapsed="0.000993"/>
</kw>
<kw name="Evaluate" owner="BuiltIn">
<msg time="2025-03-13T13:25:01.141914" level="INFO">${Length} = 9</msg>
<var>${Length}</var>
<arg>${Length}-1</arg>
<doc>Evaluates the given expression in Python and returns the result.</doc>
<status status="PASS" start="2025-03-13T13:25:01.141914" elapsed="0.000000"/>
</kw>
<kw name="Convert To Integer" owner="BuiltIn">
<msg time="2025-03-13T13:25:01.143914" level="INFO">${index} = 0</msg>
<var>${index}</var>
<arg>0</arg>
<doc>Converts the given item to an integer number.</doc>
<status status="PASS" start="2025-03-13T13:25:01.143914" elapsed="0.001000"/>
</kw>
<kw name="Remove From List" owner="Collections">
<arg>${Rows}</arg>
<arg>${Length}</arg>
<doc>Removes and returns the value specified with an ``index`` from ``list``.</doc>
<status status="PASS" start="2025-03-13T13:25:01.144914" elapsed="0.001002"/>
</kw>
<kw name="Remove From List" owner="Collections">
<arg>${Rows}</arg>
<arg>${index}</arg>
<doc>Removes and returns the value specified with an ``index`` from ``list``.</doc>
<status status="PASS" start="2025-03-13T13:25:01.145916" elapsed="0.000995"/>
</kw>
<kw name="Log" owner="BuiltIn">
<msg time="2025-03-13T13:25:01.147912" level="INFO">['Installation Services;5;h;60;24;72;372;143143;1', 'Replacement Products;10;kpl;105;24;252;1302;143143;2', 'Keyboard Logitech;10;kpl;40;24;96;496;1543235;1', 'Brother printer;1;kpl;65;24;15.6;80.6;1543235;2', 'Installation Services;5;h;60;24;72;372;153143;1', 'Replacement Products;10;kpl;105;24;252;1302;153143;2', 'Cleaning Services;5;h;60;24;72;372;153143;3', 'Cleaning Wipes;10;kpl;105;24;252;1302;153143;4']</msg>
<arg>${Rows}</arg>
<doc>Logs the given message with the given level.</doc>
<status status="PASS" start="2025-03-13T13:25:01.147912" elapsed="0.001005"/>
</kw>
<kw name="Log" owner="BuiltIn">
<msg time="2025-03-13T13:25:01.149917" level="INFO">['143143;Service Provider Oy;1431432;15.12.2022;07.04.2021;1234567-8;FI12 3456 7890 1234 56;1350;32400;1674', '1543235;Component  Oy;15432359;01.10.2022;15.10.2022;1234567-9;FI05 1234 5600 7891 01;465;111.6;576.6', '153143;Service Provider Oy;1531439;15.12.2022;01.04.2021;1234567-8;FI12 3456 7890 1234 56;2700;64800;3348']</msg>
<arg>${headers}</arg>
<doc>Logs the given message with the given level.</doc>
<status status="PASS" start="2025-03-13T13:25:01.148917" elapsed="0.001000"/>
</kw>
<for flavor="IN">
<iter>
<kw name="Split String" owner="String">
<msg time="2025-03-13T13:25:01.152929" level="INFO">@{HeadersItem} = [ 143143 | Service Provider Oy | 1431432 | 15.12.2022 | 07.04.2021 | 1234567-8 | FI12 3456 7890 1234 56 | 1350 | 32400 | 1674 ]</msg>
<var>@{HeadersItem}</var>
<arg>${headersElement}</arg>
<arg>;</arg>
<doc>Splits the ``string`` using ``separator`` as a delimiter string.</doc>
<status status="PASS" start="2025-03-13T13:25:01.151912" elapsed="0.002007"/>
</kw>
<kw name="Log" owner="BuiltIn">
<msg time="2025-03-13T13:25:01.153919" level="INFO">['143143', 'Service Provider Oy', '1431432', '15.12.2022', '07.04.2021', '1234567-8', 'FI12 3456 7890 1234 56', '1350', '32400', '1674']</msg>
<arg>${HeadersItem}</arg>
<doc>Logs the given message with the given level.</doc>
<status status="PASS" start="2025-03-13T13:25:01.153919" elapsed="0.000000"/>
</kw>
<kw name="Add Invoice Header to DB">
<kw name="Make connection">
<kw name="Connect To Database" owner="DatabaseLibrary">
<msg time="2025-03-13T13:25:01.155912" level="INFO">Looking for configuration file: 'resources\db.cfg'</msg>
<msg time="2025-03-13T13:25:01.155912" level="INFO">Configuration file doesn't exist</msg>
<msg time="2025-03-13T13:25:01.155912" level="INFO">Connect to DB using : pymysql.connect(db='rpakurssi', user='robotuser', passwd=***, host='localhost', port=3306, charset='utf8mb4')</msg>
<msg time="2025-03-13T13:25:01.160915" level="WARN">Overwriting not closed connection.</msg>
<arg>pymysql</arg>
<arg>${dbconnect}</arg>
<arg>${dbuser}</arg>
<arg>${dbpassword}</arg>
<arg>${dbhost}</arg>
<arg>${dbport}</arg>
<doc>Creates a database connection using the DB API 2.0 ``db_module`` and the parameters provided.
Along with listed commonly used arguments (`db_name`, `db_host` etc.)
you can set any other DB module specific parameters as key/value pairs.</doc>
<status status="PASS" start="2025-03-13T13:25:01.154913" elapsed="0.008002"/>
</kw>
<arg>${dbname}</arg>
<status status="PASS" start="2025-03-13T13:25:01.154913" elapsed="0.009004"/>
</kw>
<kw name="Convert Date" owner="DateTime">
<msg time="2025-03-13T13:25:01.168927" level="INFO">${invoiceDate} = 2022.12.15</msg>
<var>${invoiceDate}</var>
<arg>${items}[3]</arg>
<arg>date_format=%d.%m.%Y</arg>
<arg>result_format=%Y.%m.%d</arg>
<doc>Converts between supported `date formats`.</doc>
<status status="PASS" start="2025-03-13T13:25:01.163917" elapsed="0.005010"/>
</kw>
<kw name="Convert Date" owner="DateTime">
<msg time="2025-03-13T13:25:01.169927" level="INFO">${dueDate} = 2021.04.07</msg>
<var>${dueDate}</var>
<arg>${items}[4]</arg>
<arg>date_format=%d.%m.%Y</arg>
<arg>result_format=%Y.%m.%d</arg>
<doc>Converts between supported `date formats`.</doc>
<status status="PASS" start="2025-03-13T13:25:01.169927" elapsed="0.000000"/>
</kw>
<kw name="Set Variable" owner="BuiltIn">
<msg time="2025-03-13T13:25:01.170926" level="INFO">${insertStmt} = INSERT INTO invoiceheader(invoicenumber, companyname, companycode, referencenumber, invoicedate,duedate, bankaccountnumber, amountexclvat, vat, totalamount, invoicestatus_id, comments)values('143143',...</msg>
<var>${insertStmt}</var>
<arg>INSERT INTO invoiceheader(invoicenumber, companyname, companycode, referencenumber, invoicedate,duedate, bankaccountnumber, amountexclvat, vat, totalamount, invoicestatus_id, comments)values('${items}[0]','${items}[1]','${items}[5]','${items}[2]','${invoiceDate}', '${dueDate}','${items}[6]',${items}[7],${items}[8],${items}[9],-1, 'processing');</arg>
<doc>Returns the given values which can then be assigned to a variables.</doc>
<status status="PASS" start="2025-03-13T13:25:01.170926" elapsed="0.000000"/>
</kw>
<kw name="Log" owner="BuiltIn">
<msg time="2025-03-13T13:25:01.170926" level="INFO">INSERT INTO invoiceheader(invoicenumber, companyname, companycode, referencenumber, invoicedate,duedate, bankaccountnumber, amountexclvat, vat, totalamount, invoicestatus_id, comments)values('143143','Service Provider Oy','1234567-8','1431432','2022.12.15', '2021.04.07','FI12 3456 7890 1234 56',1350,32400,1674,-1, 'processing');</msg>
<arg>${insertStmt}</arg>
<doc>Logs the given message with the given level.</doc>
<status status="PASS" start="2025-03-13T13:25:01.170926" elapsed="0.001002"/>
</kw>
<kw name="Execute Sql String" owner="DatabaseLibrary">
<msg time="2025-03-13T13:25:01.171928" level="INFO" html="true">Executing sql:&lt;br&gt;&lt;code style="font-weight: bold;"&gt;INSERT INTO invoiceheader(invoicenumber, companyname, companycode, referencenumber, invoicedate,duedate, bankaccountnumber, amountexclvat, vat, totalamount, invoicestatus_id, comments)values('143143','Service Provider Oy','1234567-8','1431432','2022.12.15', '2021.04.07','FI12 3456 7890 1234 56',1350,32400,1674,-1, 'processing');&lt;/code&gt;</msg>
<msg time="2025-03-13T13:25:01.173927" level="INFO">Error occurred: (1062, "Duplicate entry '143143' for key 'invoiceheader.PRIMARY'")</msg>
<msg time="2025-03-13T13:25:01.173927" level="INFO">Rollback the transaction</msg>
<msg time="2025-03-13T13:25:01.175929" level="FAIL">IntegrityError: (1062, "Duplicate entry '143143' for key 'invoiceheader.PRIMARY'")</msg>
<arg>${insertStmt}</arg>
<doc>Executes the ``sql_string`` as a single SQL command.</doc>
<status status="FAIL" start="2025-03-13T13:25:01.171928" elapsed="0.120527">IntegrityError: (1062, "Duplicate entry '143143' for key 'invoiceheader.PRIMARY'")</status>
</kw>
<kw name="Disconnect From Database" owner="DatabaseLibrary">
<doc>Disconnects from the database.</doc>
<status status="NOT RUN" start="2025-03-13T13:25:01.292455" elapsed="0.001014"/>
</kw>
<arg>${HeadersItem}</arg>
<status status="FAIL" start="2025-03-13T13:25:01.154913" elapsed="0.138556">IntegrityError: (1062, "Duplicate entry '143143' for key 'invoiceheader.PRIMARY'")</status>
</kw>
<var name="${headersElement}">143143;Service Provider Oy;1431432;15.12.2022;07.04.2021;1234567-8;FI12 3456 7890 1234 56;1350;32400;1674</var>
<status status="FAIL" start="2025-03-13T13:25:01.150916" elapsed="0.142553">IntegrityError: (1062, "Duplicate entry '143143' for key 'invoiceheader.PRIMARY'")</status>
</iter>
<var>${headersElement}</var>
<value>@{headers}</value>
<status status="FAIL" start="2025-03-13T13:25:01.150916" elapsed="0.142553">IntegrityError: (1062, "Duplicate entry '143143' for key 'invoiceheader.PRIMARY'")</status>
</for>
<for flavor="IN">
<iter>
<kw name="Log" owner="BuiltIn">
<arg>${rowElement}</arg>
<doc>Logs the given message with the given level.</doc>
<status status="NOT RUN" start="2025-03-13T13:25:01.294472" elapsed="0.000000"/>
</kw>
<kw name="Split String" owner="String">
<var>@{rowItems}</var>
<arg>${rowElement}</arg>
<arg>;</arg>
<doc>Splits the ``string`` using ``separator`` as a delimiter string.</doc>
<status status="NOT RUN" start="2025-03-13T13:25:01.295468" elapsed="0.000000"/>
</kw>
<kw name="Add Invoice Row to DB">
<arg>${rowItems}</arg>
<status status="NOT RUN" start="2025-03-13T13:25:01.295468" elapsed="0.000000"/>
</kw>
<var name="${rowElement}"/>
<status status="NOT RUN" start="2025-03-13T13:25:01.294472" elapsed="0.000996"/>
</iter>
<var>${rowElement}</var>
<value>@{Rows}</value>
<status status="NOT RUN" start="2025-03-13T13:25:01.294472" elapsed="0.000996"/>
</for>
<status status="FAIL" start="2025-03-13T13:25:01.004864" elapsed="0.291602">IntegrityError: (1062, "Duplicate entry '143143' for key 'invoiceheader.PRIMARY'")</status>
</test>
<status status="FAIL" start="2025-03-13T13:25:00.938334" elapsed="0.361131"/>
</suite>
<statistics>
<total>
<stat pass="0" fail="1" skip="0">All Tasks</stat>
</total>
<tag>
</tag>
<suite>
<stat pass="0" fail="1" skip="0" id="s1" name="Project">Project</stat>
</suite>
</statistics>
<errors>
<msg time="2025-03-13T13:25:01.160915" level="WARN">Overwriting not closed connection.</msg>
</errors>
</robot>
