<?xml version="1.0" encoding="UTF-8"?>
<robot generator="Robot 7.1 (Python 3.12.0 on win32)" generated="2025-03-10T16:24:49.004571" rpa="true" schemaversion="5">
<suite id="s1" name="Project" source="c:\Users\Lassi\Documents\GitHub\Oppari-RF\project.robot">
<test id="s1-t1" name="Validation" line="121">
<kw name="Make connection">
<kw name="Connect To Database" owner="DatabaseLibrary">
<msg time="2025-03-10T16:24:49.067890" level="INFO">Looking for configuration file: 'resources\db.cfg'</msg>
<msg time="2025-03-10T16:24:49.067890" level="INFO">Configuration file doesn't exist</msg>
<msg time="2025-03-10T16:24:49.109590" level="INFO">Connect to DB using : pymysql.connect(db='rpakurssi', user='robotuser', passwd=***, host='localhost', port=3306, charset='utf8mb4')</msg>
<arg>pymysql</arg>
<arg>${dbconnect}</arg>
<arg>${dbuser}</arg>
<arg>${dbpassword}</arg>
<arg>${dbhost}</arg>
<arg>${dbport}</arg>
<doc>Creates a database connection using the DB API 2.0 ``db_module`` and the parameters provided.
Along with listed commonly used arguments (`db_name`, `db_host` etc.)
you can set any other DB module specific parameters as key/value pairs.</doc>
<status status="PASS" start="2025-03-10T16:24:49.067890" elapsed="0.048266"/>
</kw>
<arg>${dbname}</arg>
<status status="PASS" start="2025-03-10T16:24:49.067890" elapsed="0.048266"/>
</kw>
<kw name="Query" owner="DatabaseLibrary">
<msg time="2025-03-10T16:24:49.117161" level="INFO" html="true">Executing sql:&lt;br&gt;&lt;code style="font-weight: bold;"&gt;select invoicenumber, total from invoicerow;&lt;/code&gt;</msg>
<msg time="2025-03-10T16:24:49.117161" level="INFO">Commit the transaction</msg>
<msg time="2025-03-10T16:24:49.118161" level="INFO" html="true">&lt;div style="max-width: 100%; overflow-x: auto;"&gt;&lt;table style="width: auto; border-collapse: collapse; border: 2px solid rgb(140 140 140)"&gt;&lt;caption style="text-align: left; font-weight: bold; padding: 5px;"&gt;Query returned 8 rows&lt;/caption&gt;&lt;tr&gt;&lt;th scope="col" style="color:black; background-color: #d6ecd4; border: 1px solid rgb(160 160 160);padding: 8px 10px;text-align: center;"&gt;Row&lt;/th&gt;&lt;th scope="col" style="background-color: #505050; color: #fff;border: 1px solid rgb(160 160 160);padding: 8px 10px;text-align: center;"&gt;invoicenumber&lt;/th&gt;&lt;th scope="col" style="background-color: #505050; color: #fff;border: 1px solid rgb(160 160 160);padding: 8px 10px;text-align: center;"&gt;total&lt;/th&gt;&lt;/tr&gt;&lt;tr style="background-color: var(--secondary-color, #eee)"&gt;&lt;th scope="row" style="color:black; background-color: #d6ecd4;border: 1px solid rgb(160 160 160);padding: 8px 10px;text-align: center;"&gt;0&lt;/th&gt;&lt;td style="border: 1px solid rgb(160 160 160);padding: 8px 10px;text-align: center;"&gt;143143&lt;/td&gt;&lt;td style="border: 1px solid rgb(160 160 160);padding: 8px 10px;text-align: center;"&gt;372.00&lt;/td&gt;&lt;/tr&gt;&lt;tr&gt;&lt;th scope="row" style="color:black; background-color: #d6ecd4;border: 1px solid rgb(160 160 160);padding: 8px 10px;text-align: center;"&gt;1&lt;/th&gt;&lt;td style="border: 1px solid rgb(160 160 160);padding: 8px 10px;text-align: center;"&gt;143143&lt;/td&gt;&lt;td style="border: 1px solid rgb(160 160 160);padding: 8px 10px;text-align: center;"&gt;1302.00&lt;/td&gt;&lt;/tr&gt;&lt;tr style="background-color: var(--secondary-color, #eee)"&gt;&lt;th scope="row" style="color:black; background-color: #d6ecd4;border: 1px solid rgb(160 160 160);padding: 8px 10px;text-align: center;"&gt;2&lt;/th&gt;&lt;td style="border: 1px solid rgb(160 160 160);padding: 8px 10px;text-align: center;"&gt;153143&lt;/td&gt;&lt;td style="border: 1px solid rgb(160 160 160);padding: 8px 10px;text-align: center;"&gt;372.00&lt;/td&gt;&lt;/tr&gt;&lt;tr&gt;&lt;th scope="row" style="color:black; background-color: #d6ecd4;border: 1px solid rgb(160 160 160);padding: 8px 10px;text-align: center;"&gt;3&lt;/th&gt;&lt;td style="border: 1px solid rgb(160 160 160);padding: 8px 10px;text-align: center;"&gt;153143&lt;/td&gt;&lt;td style="border: 1px solid rgb(160 160 160);padding: 8px 10px;text-align: center;"&gt;1302.00&lt;/td&gt;&lt;/tr&gt;&lt;tr style="background-color: var(--secondary-color, #eee)"&gt;&lt;th scope="row" style="color:black; background-color: #d6ecd4;border: 1px solid rgb(160 160 160);padding: 8px 10px;text-align: center;"&gt;4&lt;/th&gt;&lt;td style="border: 1px solid rgb(160 160 160);padding: 8px 10px;text-align: center;"&gt;153143&lt;/td&gt;&lt;td style="border: 1px solid rgb(160 160 160);padding: 8px 10px;text-align: center;"&gt;372.00&lt;/td&gt;&lt;/tr&gt;&lt;tr&gt;&lt;th scope="row" style="color:black; background-color: #d6ecd4;border: 1px solid rgb(160 160 160);padding: 8px 10px;text-align: center;"&gt;5&lt;/th&gt;&lt;td style="border: 1px solid rgb(160 160 160);padding: 8px 10px;text-align: center;"&gt;153143&lt;/td&gt;&lt;td style="border: 1px solid rgb(160 160 160);padding: 8px 10px;text-align: center;"&gt;1302.00&lt;/td&gt;&lt;/tr&gt;&lt;tr style="background-color: var(--secondary-color, #eee)"&gt;&lt;th scope="row" style="color:black; background-color: #d6ecd4;border: 1px solid rgb(160 160 160);padding: 8px 10px;text-align: center;"&gt;6&lt;/th&gt;&lt;td style="border: 1px solid rgb(160 160 160);padding: 8px 10px;text-align: center;"&gt;1543235&lt;/td&gt;&lt;td style="border: 1px solid rgb(160 160 160);padding: 8px 10px;text-align: center;"&gt;496.00&lt;/td&gt;&lt;/tr&gt;&lt;tr&gt;&lt;th scope="row" style="color:black; background-color: #d6ecd4;border: 1px solid rgb(160 160 160);padding: 8px 10px;text-align: center;"&gt;7&lt;/th&gt;&lt;td style="border: 1px solid rgb(160 160 160);padding: 8px 10px;text-align: center;"&gt;1543235&lt;/td&gt;&lt;td style="border: 1px solid rgb(160 160 160);padding: 8px 10px;text-align: center;"&gt;80.60&lt;/td&gt;&lt;/tr&gt;&lt;/table&gt;&lt;/div&gt;</msg>
<msg time="2025-03-10T16:24:49.118161" level="INFO">${RowInfo} = ((143143, Decimal('372.00')), (143143, Decimal('1302.00')), (153143, Decimal('372.00')), (153143, Decimal('1302.00')), (153143, Decimal('372.00')), (153143, Decimal('1302.00')), (1543235, Decimal('496...</msg>
<var>${RowInfo}</var>
<arg>select invoicenumber, total from invoicerow;</arg>
<doc>Runs a query with the ``select_statement`` and returns the result as list of rows.
The type of row values depends on the database module -
usually they are tuples or tuple-like objects.</doc>
<status status="PASS" start="2025-03-10T16:24:49.117161" elapsed="0.001000"/>
</kw>
<kw name="Query" owner="DatabaseLibrary">
<msg time="2025-03-10T16:24:49.119161" level="INFO" html="true">Executing sql:&lt;br&gt;&lt;code style="font-weight: bold;"&gt;select invoicenumber, referencenumber, bankaccountnumber, totalamount from invoiceheader;&lt;/code&gt;</msg>
<msg time="2025-03-10T16:24:49.119161" level="INFO">Commit the transaction</msg>
<msg time="2025-03-10T16:24:49.119161" level="INFO" html="true">&lt;div style="max-width: 100%; overflow-x: auto;"&gt;&lt;table style="width: auto; border-collapse: collapse; border: 2px solid rgb(140 140 140)"&gt;&lt;caption style="text-align: left; font-weight: bold; padding: 5px;"&gt;Query returned 3 rows&lt;/caption&gt;&lt;tr&gt;&lt;th scope="col" style="color:black; background-color: #d6ecd4; border: 1px solid rgb(160 160 160);padding: 8px 10px;text-align: center;"&gt;Row&lt;/th&gt;&lt;th scope="col" style="background-color: #505050; color: #fff;border: 1px solid rgb(160 160 160);padding: 8px 10px;text-align: center;"&gt;invoicenumber&lt;/th&gt;&lt;th scope="col" style="background-color: #505050; color: #fff;border: 1px solid rgb(160 160 160);padding: 8px 10px;text-align: center;"&gt;referencenumber&lt;/th&gt;&lt;th scope="col" style="background-color: #505050; color: #fff;border: 1px solid rgb(160 160 160);padding: 8px 10px;text-align: center;"&gt;bankaccountnumber&lt;/th&gt;&lt;th scope="col" style="background-color: #505050; color: #fff;border: 1px solid rgb(160 160 160);padding: 8px 10px;text-align: center;"&gt;totalamount&lt;/th&gt;&lt;/tr&gt;&lt;tr style="background-color: var(--secondary-color, #eee)"&gt;&lt;th scope="row" style="color:black; background-color: #d6ecd4;border: 1px solid rgb(160 160 160);padding: 8px 10px;text-align: center;"&gt;0&lt;/th&gt;&lt;td style="border: 1px solid rgb(160 160 160);padding: 8px 10px;text-align: center;"&gt;143143&lt;/td&gt;&lt;td style="border: 1px solid rgb(160 160 160);padding: 8px 10px;text-align: center;"&gt;1431432&lt;/td&gt;&lt;td style="border: 1px solid rgb(160 160 160);padding: 8px 10px;text-align: center;"&gt;FI12 3456 7890 1234 56&lt;/td&gt;&lt;td style="border: 1px solid rgb(160 160 160);padding: 8px 10px;text-align: center;"&gt;1674.00&lt;/td&gt;&lt;/tr&gt;&lt;tr&gt;&lt;th scope="row" style="color:black; background-color: #d6ecd4;border: 1px solid rgb(160 160 160);padding: 8px 10px;text-align: center;"&gt;1&lt;/th&gt;&lt;td style="border: 1px solid rgb(160 160 160);padding: 8px 10px;text-align: center;"&gt;153143&lt;/td&gt;&lt;td style="border: 1px solid rgb(160 160 160);padding: 8px 10px;text-align: center;"&gt;1531439&lt;/td&gt;&lt;td style="border: 1px solid rgb(160 160 160);padding: 8px 10px;text-align: center;"&gt;FI12 3456 7890 1234 56&lt;/td&gt;&lt;td style="border: 1px solid rgb(160 160 160);padding: 8px 10px;text-align: center;"&gt;3348.00&lt;/td&gt;&lt;/tr&gt;&lt;tr style="background-color: var(--secondary-color, #eee)"&gt;&lt;th scope="row" style="color:black; background-color: #d6ecd4;border: 1px solid rgb(160 160 160);padding: 8px 10px;text-align: center;"&gt;2&lt;/th&gt;&lt;td style="border: 1px solid rgb(160 160 160);padding: 8px 10px;text-align: center;"&gt;1543235&lt;/td&gt;&lt;td style="border: 1px solid rgb(160 160 160);padding: 8px 10px;text-align: center;"&gt;15432359&lt;/td&gt;&lt;td style="border: 1px solid rgb(160 160 160);padding: 8px 10px;text-align: center;"&gt;FI05 1234 5600 7891 01&lt;/td&gt;&lt;td style="border: 1px solid rgb(160 160 160);padding: 8px 10px;text-align: center;"&gt;576.60&lt;/td&gt;&lt;/tr&gt;&lt;/table&gt;&lt;/div&gt;</msg>
<msg time="2025-03-10T16:24:49.120162" level="INFO">${Invoices} = ((143143, '1431432', 'FI12 3456 7890 1234 56', Decimal('1674.00')), (153143, '1531439', 'FI12 3456 7890 1234 56', Decimal('3348.00')), (1543235, '15432359', 'FI05 1234 5600 7891 01', Decimal('576.60')...</msg>
<var>${Invoices}</var>
<arg>select invoicenumber, referencenumber, bankaccountnumber, totalamount from invoiceheader;</arg>
<doc>Runs a query with the ``select_statement`` and returns the result as list of rows.
The type of row values depends on the database module -
usually they are tuples or tuple-like objects.</doc>
<status status="PASS" start="2025-03-10T16:24:49.118161" elapsed="0.002001"/>
</kw>
<kw name="Create List" owner="BuiltIn">
<msg time="2025-03-10T16:24:49.120162" level="INFO">@{summed_amounts} = [ ]</msg>
<var>@{summed_amounts}</var>
<doc>Returns a list containing given items.</doc>
<status status="PASS" start="2025-03-10T16:24:49.120162" elapsed="0.000000"/>
</kw>
<for flavor="IN">
<iter>
<kw name="Log" owner="BuiltIn">
<msg time="2025-03-10T16:24:49.121161" level="INFO">(143143, Decimal('372.00'))</msg>
<arg>${Row}</arg>
<doc>Logs the given message with the given level.</doc>
<status status="PASS" start="2025-03-10T16:24:49.121161" elapsed="0.000000"/>
</kw>
<kw name="Set Variable" owner="BuiltIn">
<msg time="2025-03-10T16:24:49.122161" level="INFO">${invoice_number} = 143143</msg>
<var>${invoice_number}</var>
<arg>${Row}[0]</arg>
<doc>Returns the given values which can then be assigned to a variables.</doc>
<status status="PASS" start="2025-03-10T16:24:49.121161" elapsed="0.001000"/>
</kw>
<kw name="Query" owner="DatabaseLibrary">
<msg time="2025-03-10T16:24:49.122161" level="INFO" html="true">Executing sql:&lt;br&gt;&lt;code style="font-weight: bold;"&gt;SELECT total FROM invoicerow WHERE invoicenumber = '143143';&lt;/code&gt;</msg>
<msg time="2025-03-10T16:24:49.123163" level="INFO">Commit the transaction</msg>
<msg time="2025-03-10T16:24:49.123163" level="INFO" html="true">&lt;div style="max-width: 100%; overflow-x: auto;"&gt;&lt;table style="width: auto; border-collapse: collapse; border: 2px solid rgb(140 140 140)"&gt;&lt;caption style="text-align: left; font-weight: bold; padding: 5px;"&gt;Query returned 2 rows&lt;/caption&gt;&lt;tr&gt;&lt;th scope="col" style="color:black; background-color: #d6ecd4; border: 1px solid rgb(160 160 160);padding: 8px 10px;text-align: center;"&gt;Row&lt;/th&gt;&lt;th scope="col" style="background-color: #505050; color: #fff;border: 1px solid rgb(160 160 160);padding: 8px 10px;text-align: center;"&gt;total&lt;/th&gt;&lt;/tr&gt;&lt;tr style="background-color: var(--secondary-color, #eee)"&gt;&lt;th scope="row" style="color:black; background-color: #d6ecd4;border: 1px solid rgb(160 160 160);padding: 8px 10px;text-align: center;"&gt;0&lt;/th&gt;&lt;td style="border: 1px solid rgb(160 160 160);padding: 8px 10px;text-align: center;"&gt;372.00&lt;/td&gt;&lt;/tr&gt;&lt;tr&gt;&lt;th scope="row" style="color:black; background-color: #d6ecd4;border: 1px solid rgb(160 160 160);padding: 8px 10px;text-align: center;"&gt;1&lt;/th&gt;&lt;td style="border: 1px solid rgb(160 160 160);padding: 8px 10px;text-align: center;"&gt;1302.00&lt;/td&gt;&lt;/tr&gt;&lt;/table&gt;&lt;/div&gt;</msg>
<msg time="2025-03-10T16:24:49.123163" level="INFO">${amounts} = ((Decimal('372.00'),), (Decimal('1302.00'),))</msg>
<var>${amounts}</var>
<arg>SELECT total FROM invoicerow WHERE invoicenumber = '${invoice_number}';</arg>
<doc>Runs a query with the ``select_statement`` and returns the result as list of rows.
The type of row values depends on the database module -
usually they are tuples or tuple-like objects.</doc>
<status status="PASS" start="2025-03-10T16:24:49.122161" elapsed="0.001002"/>
</kw>
<kw name="Set Variable" owner="BuiltIn">
<msg time="2025-03-10T16:24:49.123163" level="INFO">${summed_amount} = 0</msg>
<var>${summed_amount}</var>
<arg>0</arg>
<doc>Returns the given values which can then be assigned to a variables.</doc>
<status status="PASS" start="2025-03-10T16:24:49.123163" elapsed="0.000000"/>
</kw>
<for flavor="IN">
<iter>
<kw name="Evaluate" owner="BuiltIn">
<msg time="2025-03-10T16:24:49.123163" level="INFO">${summed_amount} = 372.0</msg>
<var>${summed_amount}</var>
<arg>${summed_amount} + ${item}[0]</arg>
<doc>Evaluates the given expression in Python and returns the result.</doc>
<status status="PASS" start="2025-03-10T16:24:49.123163" elapsed="0.000000"/>
</kw>
<var name="${item}">(Decimal('372.00'),)</var>
<status status="PASS" start="2025-03-10T16:24:49.123163" elapsed="0.000000"/>
</iter>
<iter>
<kw name="Evaluate" owner="BuiltIn">
<msg time="2025-03-10T16:24:49.123163" level="INFO">${summed_amount} = 1674.0</msg>
<var>${summed_amount}</var>
<arg>${summed_amount} + ${item}[0]</arg>
<doc>Evaluates the given expression in Python and returns the result.</doc>
<status status="PASS" start="2025-03-10T16:24:49.123163" elapsed="0.000000"/>
</kw>
<var name="${item}">(Decimal('1302.00'),)</var>
<status status="PASS" start="2025-03-10T16:24:49.123163" elapsed="0.000000"/>
</iter>
<var>${item}</var>
<value>@{amounts}</value>
<status status="PASS" start="2025-03-10T16:24:49.123163" elapsed="0.000000"/>
</for>
<kw name="Append To List" owner="Collections">
<arg>${summed_amounts}</arg>
<arg>${summed_amount}</arg>
<doc>Adds ``values`` to the end of ``list``.</doc>
<status status="PASS" start="2025-03-10T16:24:49.123163" elapsed="0.000000"/>
</kw>
<var name="${Row}">(143143, Decimal('372.00'))</var>
<status status="PASS" start="2025-03-10T16:24:49.121161" elapsed="0.002002"/>
</iter>
<iter>
<kw name="Log" owner="BuiltIn">
<msg time="2025-03-10T16:24:49.123163" level="INFO">(143143, Decimal('1302.00'))</msg>
<arg>${Row}</arg>
<doc>Logs the given message with the given level.</doc>
<status status="PASS" start="2025-03-10T16:24:49.123163" elapsed="0.000000"/>
</kw>
<kw name="Set Variable" owner="BuiltIn">
<msg time="2025-03-10T16:24:49.123163" level="INFO">${invoice_number} = 143143</msg>
<var>${invoice_number}</var>
<arg>${Row}[0]</arg>
<doc>Returns the given values which can then be assigned to a variables.</doc>
<status status="PASS" start="2025-03-10T16:24:49.123163" elapsed="0.000000"/>
</kw>
<kw name="Query" owner="DatabaseLibrary">
<msg time="2025-03-10T16:24:49.123163" level="INFO" html="true">Executing sql:&lt;br&gt;&lt;code style="font-weight: bold;"&gt;SELECT total FROM invoicerow WHERE invoicenumber = '143143';&lt;/code&gt;</msg>
<msg time="2025-03-10T16:24:49.123163" level="INFO">Commit the transaction</msg>
<msg time="2025-03-10T16:24:49.123163" level="INFO" html="true">&lt;div style="max-width: 100%; overflow-x: auto;"&gt;&lt;table style="width: auto; border-collapse: collapse; border: 2px solid rgb(140 140 140)"&gt;&lt;caption style="text-align: left; font-weight: bold; padding: 5px;"&gt;Query returned 2 rows&lt;/caption&gt;&lt;tr&gt;&lt;th scope="col" style="color:black; background-color: #d6ecd4; border: 1px solid rgb(160 160 160);padding: 8px 10px;text-align: center;"&gt;Row&lt;/th&gt;&lt;th scope="col" style="background-color: #505050; color: #fff;border: 1px solid rgb(160 160 160);padding: 8px 10px;text-align: center;"&gt;total&lt;/th&gt;&lt;/tr&gt;&lt;tr style="background-color: var(--secondary-color, #eee)"&gt;&lt;th scope="row" style="color:black; background-color: #d6ecd4;border: 1px solid rgb(160 160 160);padding: 8px 10px;text-align: center;"&gt;0&lt;/th&gt;&lt;td style="border: 1px solid rgb(160 160 160);padding: 8px 10px;text-align: center;"&gt;372.00&lt;/td&gt;&lt;/tr&gt;&lt;tr&gt;&lt;th scope="row" style="color:black; background-color: #d6ecd4;border: 1px solid rgb(160 160 160);padding: 8px 10px;text-align: center;"&gt;1&lt;/th&gt;&lt;td style="border: 1px solid rgb(160 160 160);padding: 8px 10px;text-align: center;"&gt;1302.00&lt;/td&gt;&lt;/tr&gt;&lt;/table&gt;&lt;/div&gt;</msg>
<msg time="2025-03-10T16:24:49.123163" level="INFO">${amounts} = ((Decimal('372.00'),), (Decimal('1302.00'),))</msg>
<var>${amounts}</var>
<arg>SELECT total FROM invoicerow WHERE invoicenumber = '${invoice_number}';</arg>
<doc>Runs a query with the ``select_statement`` and returns the result as list of rows.
The type of row values depends on the database module -
usually they are tuples or tuple-like objects.</doc>
<status status="PASS" start="2025-03-10T16:24:49.123163" elapsed="0.000000"/>
</kw>
<kw name="Set Variable" owner="BuiltIn">
<msg time="2025-03-10T16:24:49.123163" level="INFO">${summed_amount} = 0</msg>
<var>${summed_amount}</var>
<arg>0</arg>
<doc>Returns the given values which can then be assigned to a variables.</doc>
<status status="PASS" start="2025-03-10T16:24:49.123163" elapsed="0.000000"/>
</kw>
<for flavor="IN">
<iter>
<kw name="Evaluate" owner="BuiltIn">
<msg time="2025-03-10T16:24:49.123163" level="INFO">${summed_amount} = 372.0</msg>
<var>${summed_amount}</var>
<arg>${summed_amount} + ${item}[0]</arg>
<doc>Evaluates the given expression in Python and returns the result.</doc>
<status status="PASS" start="2025-03-10T16:24:49.123163" elapsed="0.000000"/>
</kw>
<var name="${item}">(Decimal('372.00'),)</var>
<status status="PASS" start="2025-03-10T16:24:49.123163" elapsed="0.000000"/>
</iter>
<iter>
<kw name="Evaluate" owner="BuiltIn">
<msg time="2025-03-10T16:24:49.123163" level="INFO">${summed_amount} = 1674.0</msg>
<var>${summed_amount}</var>
<arg>${summed_amount} + ${item}[0]</arg>
<doc>Evaluates the given expression in Python and returns the result.</doc>
<status status="PASS" start="2025-03-10T16:24:49.123163" elapsed="0.000000"/>
</kw>
<var name="${item}">(Decimal('1302.00'),)</var>
<status status="PASS" start="2025-03-10T16:24:49.123163" elapsed="0.000000"/>
</iter>
<var>${item}</var>
<value>@{amounts}</value>
<status status="PASS" start="2025-03-10T16:24:49.123163" elapsed="0.000000"/>
</for>
<kw name="Append To List" owner="Collections">
<arg>${summed_amounts}</arg>
<arg>${summed_amount}</arg>
<doc>Adds ``values`` to the end of ``list``.</doc>
<status status="PASS" start="2025-03-10T16:24:49.123163" elapsed="0.000000"/>
</kw>
<var name="${Row}">(143143, Decimal('1302.00'))</var>
<status status="PASS" start="2025-03-10T16:24:49.123163" elapsed="0.000000"/>
</iter>
<iter>
<kw name="Log" owner="BuiltIn">
<msg time="2025-03-10T16:24:49.123163" level="INFO">(153143, Decimal('372.00'))</msg>
<arg>${Row}</arg>
<doc>Logs the given message with the given level.</doc>
<status status="PASS" start="2025-03-10T16:24:49.123163" elapsed="0.000000"/>
</kw>
<kw name="Set Variable" owner="BuiltIn">
<msg time="2025-03-10T16:24:49.123163" level="INFO">${invoice_number} = 153143</msg>
<var>${invoice_number}</var>
<arg>${Row}[0]</arg>
<doc>Returns the given values which can then be assigned to a variables.</doc>
<status status="PASS" start="2025-03-10T16:24:49.123163" elapsed="0.000000"/>
</kw>
<kw name="Query" owner="DatabaseLibrary">
<msg time="2025-03-10T16:24:49.123163" level="INFO" html="true">Executing sql:&lt;br&gt;&lt;code style="font-weight: bold;"&gt;SELECT total FROM invoicerow WHERE invoicenumber = '153143';&lt;/code&gt;</msg>
<msg time="2025-03-10T16:24:49.123163" level="INFO">Commit the transaction</msg>
<msg time="2025-03-10T16:24:49.123163" level="INFO" html="true">&lt;div style="max-width: 100%; overflow-x: auto;"&gt;&lt;table style="width: auto; border-collapse: collapse; border: 2px solid rgb(140 140 140)"&gt;&lt;caption style="text-align: left; font-weight: bold; padding: 5px;"&gt;Query returned 4 rows&lt;/caption&gt;&lt;tr&gt;&lt;th scope="col" style="color:black; background-color: #d6ecd4; border: 1px solid rgb(160 160 160);padding: 8px 10px;text-align: center;"&gt;Row&lt;/th&gt;&lt;th scope="col" style="background-color: #505050; color: #fff;border: 1px solid rgb(160 160 160);padding: 8px 10px;text-align: center;"&gt;total&lt;/th&gt;&lt;/tr&gt;&lt;tr style="background-color: var(--secondary-color, #eee)"&gt;&lt;th scope="row" style="color:black; background-color: #d6ecd4;border: 1px solid rgb(160 160 160);padding: 8px 10px;text-align: center;"&gt;0&lt;/th&gt;&lt;td style="border: 1px solid rgb(160 160 160);padding: 8px 10px;text-align: center;"&gt;372.00&lt;/td&gt;&lt;/tr&gt;&lt;tr&gt;&lt;th scope="row" style="color:black; background-color: #d6ecd4;border: 1px solid rgb(160 160 160);padding: 8px 10px;text-align: center;"&gt;1&lt;/th&gt;&lt;td style="border: 1px solid rgb(160 160 160);padding: 8px 10px;text-align: center;"&gt;1302.00&lt;/td&gt;&lt;/tr&gt;&lt;tr style="background-color: var(--secondary-color, #eee)"&gt;&lt;th scope="row" style="color:black; background-color: #d6ecd4;border: 1px solid rgb(160 160 160);padding: 8px 10px;text-align: center;"&gt;2&lt;/th&gt;&lt;td style="border: 1px solid rgb(160 160 160);padding: 8px 10px;text-align: center;"&gt;372.00&lt;/td&gt;&lt;/tr&gt;&lt;tr&gt;&lt;th scope="row" style="color:black; background-color: #d6ecd4;border: 1px solid rgb(160 160 160);padding: 8px 10px;text-align: center;"&gt;3&lt;/th&gt;&lt;td style="border: 1px solid rgb(160 160 160);padding: 8px 10px;text-align: center;"&gt;1302.00&lt;/td&gt;&lt;/tr&gt;&lt;/table&gt;&lt;/div&gt;</msg>
<msg time="2025-03-10T16:24:49.123163" level="INFO">${amounts} = ((Decimal('372.00'),), (Decimal('1302.00'),), (Decimal('372.00'),), (Decimal('1302.00'),))</msg>
<var>${amounts}</var>
<arg>SELECT total FROM invoicerow WHERE invoicenumber = '${invoice_number}';</arg>
<doc>Runs a query with the ``select_statement`` and returns the result as list of rows.
The type of row values depends on the database module -
usually they are tuples or tuple-like objects.</doc>
<status status="PASS" start="2025-03-10T16:24:49.123163" elapsed="0.000000"/>
</kw>
<kw name="Set Variable" owner="BuiltIn">
<msg time="2025-03-10T16:24:49.123163" level="INFO">${summed_amount} = 0</msg>
<var>${summed_amount}</var>
<arg>0</arg>
<doc>Returns the given values which can then be assigned to a variables.</doc>
<status status="PASS" start="2025-03-10T16:24:49.123163" elapsed="0.000000"/>
</kw>
<for flavor="IN">
<iter>
<kw name="Evaluate" owner="BuiltIn">
<msg time="2025-03-10T16:24:49.133200" level="INFO">${summed_amount} = 372.0</msg>
<var>${summed_amount}</var>
<arg>${summed_amount} + ${item}[0]</arg>
<doc>Evaluates the given expression in Python and returns the result.</doc>
<status status="PASS" start="2025-03-10T16:24:49.133200" elapsed="0.000000"/>
</kw>
<var name="${item}">(Decimal('372.00'),)</var>
<status status="PASS" start="2025-03-10T16:24:49.133200" elapsed="0.000000"/>
</iter>
<iter>
<kw name="Evaluate" owner="BuiltIn">
<msg time="2025-03-10T16:24:49.133200" level="INFO">${summed_amount} = 1674.0</msg>
<var>${summed_amount}</var>
<arg>${summed_amount} + ${item}[0]</arg>
<doc>Evaluates the given expression in Python and returns the result.</doc>
<status status="PASS" start="2025-03-10T16:24:49.133200" elapsed="0.000000"/>
</kw>
<var name="${item}">(Decimal('1302.00'),)</var>
<status status="PASS" start="2025-03-10T16:24:49.133200" elapsed="0.000000"/>
</iter>
<iter>
<kw name="Evaluate" owner="BuiltIn">
<msg time="2025-03-10T16:24:49.133200" level="INFO">${summed_amount} = 2046.0</msg>
<var>${summed_amount}</var>
<arg>${summed_amount} + ${item}[0]</arg>
<doc>Evaluates the given expression in Python and returns the result.</doc>
<status status="PASS" start="2025-03-10T16:24:49.133200" elapsed="0.000000"/>
</kw>
<var name="${item}">(Decimal('372.00'),)</var>
<status status="PASS" start="2025-03-10T16:24:49.133200" elapsed="0.000000"/>
</iter>
<iter>
<kw name="Evaluate" owner="BuiltIn">
<msg time="2025-03-10T16:24:49.133200" level="INFO">${summed_amount} = 3348.0</msg>
<var>${summed_amount}</var>
<arg>${summed_amount} + ${item}[0]</arg>
<doc>Evaluates the given expression in Python and returns the result.</doc>
<status status="PASS" start="2025-03-10T16:24:49.133200" elapsed="0.000000"/>
</kw>
<var name="${item}">(Decimal('1302.00'),)</var>
<status status="PASS" start="2025-03-10T16:24:49.133200" elapsed="0.000000"/>
</iter>
<var>${item}</var>
<value>@{amounts}</value>
<status status="PASS" start="2025-03-10T16:24:49.123163" elapsed="0.010037"/>
</for>
<kw name="Append To List" owner="Collections">
<arg>${summed_amounts}</arg>
<arg>${summed_amount}</arg>
<doc>Adds ``values`` to the end of ``list``.</doc>
<status status="PASS" start="2025-03-10T16:24:49.133200" elapsed="0.000000"/>
</kw>
<var name="${Row}">(153143, Decimal('372.00'))</var>
<status status="PASS" start="2025-03-10T16:24:49.123163" elapsed="0.010037"/>
</iter>
<iter>
<kw name="Log" owner="BuiltIn">
<msg time="2025-03-10T16:24:49.133200" level="INFO">(153143, Decimal('1302.00'))</msg>
<arg>${Row}</arg>
<doc>Logs the given message with the given level.</doc>
<status status="PASS" start="2025-03-10T16:24:49.133200" elapsed="0.000000"/>
</kw>
<kw name="Set Variable" owner="BuiltIn">
<msg time="2025-03-10T16:24:49.133200" level="INFO">${invoice_number} = 153143</msg>
<var>${invoice_number}</var>
<arg>${Row}[0]</arg>
<doc>Returns the given values which can then be assigned to a variables.</doc>
<status status="PASS" start="2025-03-10T16:24:49.133200" elapsed="0.000000"/>
</kw>
<kw name="Query" owner="DatabaseLibrary">
<msg time="2025-03-10T16:24:49.133200" level="INFO" html="true">Executing sql:&lt;br&gt;&lt;code style="font-weight: bold;"&gt;SELECT total FROM invoicerow WHERE invoicenumber = '153143';&lt;/code&gt;</msg>
<msg time="2025-03-10T16:24:49.133200" level="INFO">Commit the transaction</msg>
<msg time="2025-03-10T16:24:49.133200" level="INFO" html="true">&lt;div style="max-width: 100%; overflow-x: auto;"&gt;&lt;table style="width: auto; border-collapse: collapse; border: 2px solid rgb(140 140 140)"&gt;&lt;caption style="text-align: left; font-weight: bold; padding: 5px;"&gt;Query returned 4 rows&lt;/caption&gt;&lt;tr&gt;&lt;th scope="col" style="color:black; background-color: #d6ecd4; border: 1px solid rgb(160 160 160);padding: 8px 10px;text-align: center;"&gt;Row&lt;/th&gt;&lt;th scope="col" style="background-color: #505050; color: #fff;border: 1px solid rgb(160 160 160);padding: 8px 10px;text-align: center;"&gt;total&lt;/th&gt;&lt;/tr&gt;&lt;tr style="background-color: var(--secondary-color, #eee)"&gt;&lt;th scope="row" style="color:black; background-color: #d6ecd4;border: 1px solid rgb(160 160 160);padding: 8px 10px;text-align: center;"&gt;0&lt;/th&gt;&lt;td style="border: 1px solid rgb(160 160 160);padding: 8px 10px;text-align: center;"&gt;372.00&lt;/td&gt;&lt;/tr&gt;&lt;tr&gt;&lt;th scope="row" style="color:black; background-color: #d6ecd4;border: 1px solid rgb(160 160 160);padding: 8px 10px;text-align: center;"&gt;1&lt;/th&gt;&lt;td style="border: 1px solid rgb(160 160 160);padding: 8px 10px;text-align: center;"&gt;1302.00&lt;/td&gt;&lt;/tr&gt;&lt;tr style="background-color: var(--secondary-color, #eee)"&gt;&lt;th scope="row" style="color:black; background-color: #d6ecd4;border: 1px solid rgb(160 160 160);padding: 8px 10px;text-align: center;"&gt;2&lt;/th&gt;&lt;td style="border: 1px solid rgb(160 160 160);padding: 8px 10px;text-align: center;"&gt;372.00&lt;/td&gt;&lt;/tr&gt;&lt;tr&gt;&lt;th scope="row" style="color:black; background-color: #d6ecd4;border: 1px solid rgb(160 160 160);padding: 8px 10px;text-align: center;"&gt;3&lt;/th&gt;&lt;td style="border: 1px solid rgb(160 160 160);padding: 8px 10px;text-align: center;"&gt;1302.00&lt;/td&gt;&lt;/tr&gt;&lt;/table&gt;&lt;/div&gt;</msg>
<msg time="2025-03-10T16:24:49.133200" level="INFO">${amounts} = ((Decimal('372.00'),), (Decimal('1302.00'),), (Decimal('372.00'),), (Decimal('1302.00'),))</msg>
<var>${amounts}</var>
<arg>SELECT total FROM invoicerow WHERE invoicenumber = '${invoice_number}';</arg>
<doc>Runs a query with the ``select_statement`` and returns the result as list of rows.
The type of row values depends on the database module -
usually they are tuples or tuple-like objects.</doc>
<status status="PASS" start="2025-03-10T16:24:49.133200" elapsed="0.000000"/>
</kw>
<kw name="Set Variable" owner="BuiltIn">
<msg time="2025-03-10T16:24:49.133200" level="INFO">${summed_amount} = 0</msg>
<var>${summed_amount}</var>
<arg>0</arg>
<doc>Returns the given values which can then be assigned to a variables.</doc>
<status status="PASS" start="2025-03-10T16:24:49.133200" elapsed="0.000000"/>
</kw>
<for flavor="IN">
<iter>
<kw name="Evaluate" owner="BuiltIn">
<msg time="2025-03-10T16:24:49.133200" level="INFO">${summed_amount} = 372.0</msg>
<var>${summed_amount}</var>
<arg>${summed_amount} + ${item}[0]</arg>
<doc>Evaluates the given expression in Python and returns the result.</doc>
<status status="PASS" start="2025-03-10T16:24:49.133200" elapsed="0.000000"/>
</kw>
<var name="${item}">(Decimal('372.00'),)</var>
<status status="PASS" start="2025-03-10T16:24:49.133200" elapsed="0.000000"/>
</iter>
<iter>
<kw name="Evaluate" owner="BuiltIn">
<msg time="2025-03-10T16:24:49.133200" level="INFO">${summed_amount} = 1674.0</msg>
<var>${summed_amount}</var>
<arg>${summed_amount} + ${item}[0]</arg>
<doc>Evaluates the given expression in Python and returns the result.</doc>
<status status="PASS" start="2025-03-10T16:24:49.133200" elapsed="0.000000"/>
</kw>
<var name="${item}">(Decimal('1302.00'),)</var>
<status status="PASS" start="2025-03-10T16:24:49.133200" elapsed="0.000000"/>
</iter>
<iter>
<kw name="Evaluate" owner="BuiltIn">
<msg time="2025-03-10T16:24:49.133200" level="INFO">${summed_amount} = 2046.0</msg>
<var>${summed_amount}</var>
<arg>${summed_amount} + ${item}[0]</arg>
<doc>Evaluates the given expression in Python and returns the result.</doc>
<status status="PASS" start="2025-03-10T16:24:49.133200" elapsed="0.000000"/>
</kw>
<var name="${item}">(Decimal('372.00'),)</var>
<status status="PASS" start="2025-03-10T16:24:49.133200" elapsed="0.000000"/>
</iter>
<iter>
<kw name="Evaluate" owner="BuiltIn">
<msg time="2025-03-10T16:24:49.133200" level="INFO">${summed_amount} = 3348.0</msg>
<var>${summed_amount}</var>
<arg>${summed_amount} + ${item}[0]</arg>
<doc>Evaluates the given expression in Python and returns the result.</doc>
<status status="PASS" start="2025-03-10T16:24:49.133200" elapsed="0.000000"/>
</kw>
<var name="${item}">(Decimal('1302.00'),)</var>
<status status="PASS" start="2025-03-10T16:24:49.133200" elapsed="0.000000"/>
</iter>
<var>${item}</var>
<value>@{amounts}</value>
<status status="PASS" start="2025-03-10T16:24:49.133200" elapsed="0.000000"/>
</for>
<kw name="Append To List" owner="Collections">
<arg>${summed_amounts}</arg>
<arg>${summed_amount}</arg>
<doc>Adds ``values`` to the end of ``list``.</doc>
<status status="PASS" start="2025-03-10T16:24:49.133200" elapsed="0.000000"/>
</kw>
<var name="${Row}">(153143, Decimal('1302.00'))</var>
<status status="PASS" start="2025-03-10T16:24:49.133200" elapsed="0.000000"/>
</iter>
<iter>
<kw name="Log" owner="BuiltIn">
<msg time="2025-03-10T16:24:49.133200" level="INFO">(153143, Decimal('372.00'))</msg>
<arg>${Row}</arg>
<doc>Logs the given message with the given level.</doc>
<status status="PASS" start="2025-03-10T16:24:49.133200" elapsed="0.000000"/>
</kw>
<kw name="Set Variable" owner="BuiltIn">
<msg time="2025-03-10T16:24:49.133200" level="INFO">${invoice_number} = 153143</msg>
<var>${invoice_number}</var>
<arg>${Row}[0]</arg>
<doc>Returns the given values which can then be assigned to a variables.</doc>
<status status="PASS" start="2025-03-10T16:24:49.133200" elapsed="0.000000"/>
</kw>
<kw name="Query" owner="DatabaseLibrary">
<msg time="2025-03-10T16:24:49.133200" level="INFO" html="true">Executing sql:&lt;br&gt;&lt;code style="font-weight: bold;"&gt;SELECT total FROM invoicerow WHERE invoicenumber = '153143';&lt;/code&gt;</msg>
<msg time="2025-03-10T16:24:49.143211" level="INFO">Commit the transaction</msg>
<msg time="2025-03-10T16:24:49.143211" level="INFO" html="true">&lt;div style="max-width: 100%; overflow-x: auto;"&gt;&lt;table style="width: auto; border-collapse: collapse; border: 2px solid rgb(140 140 140)"&gt;&lt;caption style="text-align: left; font-weight: bold; padding: 5px;"&gt;Query returned 4 rows&lt;/caption&gt;&lt;tr&gt;&lt;th scope="col" style="color:black; background-color: #d6ecd4; border: 1px solid rgb(160 160 160);padding: 8px 10px;text-align: center;"&gt;Row&lt;/th&gt;&lt;th scope="col" style="background-color: #505050; color: #fff;border: 1px solid rgb(160 160 160);padding: 8px 10px;text-align: center;"&gt;total&lt;/th&gt;&lt;/tr&gt;&lt;tr style="background-color: var(--secondary-color, #eee)"&gt;&lt;th scope="row" style="color:black; background-color: #d6ecd4;border: 1px solid rgb(160 160 160);padding: 8px 10px;text-align: center;"&gt;0&lt;/th&gt;&lt;td style="border: 1px solid rgb(160 160 160);padding: 8px 10px;text-align: center;"&gt;372.00&lt;/td&gt;&lt;/tr&gt;&lt;tr&gt;&lt;th scope="row" style="color:black; background-color: #d6ecd4;border: 1px solid rgb(160 160 160);padding: 8px 10px;text-align: center;"&gt;1&lt;/th&gt;&lt;td style="border: 1px solid rgb(160 160 160);padding: 8px 10px;text-align: center;"&gt;1302.00&lt;/td&gt;&lt;/tr&gt;&lt;tr style="background-color: var(--secondary-color, #eee)"&gt;&lt;th scope="row" style="color:black; background-color: #d6ecd4;border: 1px solid rgb(160 160 160);padding: 8px 10px;text-align: center;"&gt;2&lt;/th&gt;&lt;td style="border: 1px solid rgb(160 160 160);padding: 8px 10px;text-align: center;"&gt;372.00&lt;/td&gt;&lt;/tr&gt;&lt;tr&gt;&lt;th scope="row" style="color:black; background-color: #d6ecd4;border: 1px solid rgb(160 160 160);padding: 8px 10px;text-align: center;"&gt;3&lt;/th&gt;&lt;td style="border: 1px solid rgb(160 160 160);padding: 8px 10px;text-align: center;"&gt;1302.00&lt;/td&gt;&lt;/tr&gt;&lt;/table&gt;&lt;/div&gt;</msg>
<msg time="2025-03-10T16:24:49.143211" level="INFO">${amounts} = ((Decimal('372.00'),), (Decimal('1302.00'),), (Decimal('372.00'),), (Decimal('1302.00'),))</msg>
<var>${amounts}</var>
<arg>SELECT total FROM invoicerow WHERE invoicenumber = '${invoice_number}';</arg>
<doc>Runs a query with the ``select_statement`` and returns the result as list of rows.
The type of row values depends on the database module -
usually they are tuples or tuple-like objects.</doc>
<status status="PASS" start="2025-03-10T16:24:49.133200" elapsed="0.010011"/>
</kw>
<kw name="Set Variable" owner="BuiltIn">
<msg time="2025-03-10T16:24:49.144190" level="INFO">${summed_amount} = 0</msg>
<var>${summed_amount}</var>
<arg>0</arg>
<doc>Returns the given values which can then be assigned to a variables.</doc>
<status status="PASS" start="2025-03-10T16:24:49.144190" elapsed="0.000000"/>
</kw>
<for flavor="IN">
<iter>
<kw name="Evaluate" owner="BuiltIn">
<msg time="2025-03-10T16:24:49.144190" level="INFO">${summed_amount} = 372.0</msg>
<var>${summed_amount}</var>
<arg>${summed_amount} + ${item}[0]</arg>
<doc>Evaluates the given expression in Python and returns the result.</doc>
<status status="PASS" start="2025-03-10T16:24:49.144190" elapsed="0.001008"/>
</kw>
<var name="${item}">(Decimal('372.00'),)</var>
<status status="PASS" start="2025-03-10T16:24:49.144190" elapsed="0.001082"/>
</iter>
<iter>
<kw name="Evaluate" owner="BuiltIn">
<msg time="2025-03-10T16:24:49.145463" level="INFO">${summed_amount} = 1674.0</msg>
<var>${summed_amount}</var>
<arg>${summed_amount} + ${item}[0]</arg>
<doc>Evaluates the given expression in Python and returns the result.</doc>
<status status="PASS" start="2025-03-10T16:24:49.145463" elapsed="0.000000"/>
</kw>
<var name="${item}">(Decimal('1302.00'),)</var>
<status status="PASS" start="2025-03-10T16:24:49.145272" elapsed="0.000191"/>
</iter>
<iter>
<kw name="Evaluate" owner="BuiltIn">
<msg time="2025-03-10T16:24:49.145463" level="INFO">${summed_amount} = 2046.0</msg>
<var>${summed_amount}</var>
<arg>${summed_amount} + ${item}[0]</arg>
<doc>Evaluates the given expression in Python and returns the result.</doc>
<status status="PASS" start="2025-03-10T16:24:49.145463" elapsed="0.000000"/>
</kw>
<var name="${item}">(Decimal('372.00'),)</var>
<status status="PASS" start="2025-03-10T16:24:49.145463" elapsed="0.000000"/>
</iter>
<iter>
<kw name="Evaluate" owner="BuiltIn">
<msg time="2025-03-10T16:24:49.146486" level="INFO">${summed_amount} = 3348.0</msg>
<var>${summed_amount}</var>
<arg>${summed_amount} + ${item}[0]</arg>
<doc>Evaluates the given expression in Python and returns the result.</doc>
<status status="PASS" start="2025-03-10T16:24:49.146486" elapsed="0.000404"/>
</kw>
<var name="${item}">(Decimal('1302.00'),)</var>
<status status="PASS" start="2025-03-10T16:24:49.146486" elapsed="0.000404"/>
</iter>
<var>${item}</var>
<value>@{amounts}</value>
<status status="PASS" start="2025-03-10T16:24:49.144190" elapsed="0.002700"/>
</for>
<kw name="Append To List" owner="Collections">
<arg>${summed_amounts}</arg>
<arg>${summed_amount}</arg>
<doc>Adds ``values`` to the end of ``list``.</doc>
<status status="PASS" start="2025-03-10T16:24:49.147154" elapsed="0.000000"/>
</kw>
<var name="${Row}">(153143, Decimal('372.00'))</var>
<status status="PASS" start="2025-03-10T16:24:49.133200" elapsed="0.013954"/>
</iter>
<iter>
<kw name="Log" owner="BuiltIn">
<msg time="2025-03-10T16:24:49.147154" level="INFO">(153143, Decimal('1302.00'))</msg>
<arg>${Row}</arg>
<doc>Logs the given message with the given level.</doc>
<status status="PASS" start="2025-03-10T16:24:49.147154" elapsed="0.000000"/>
</kw>
<kw name="Set Variable" owner="BuiltIn">
<msg time="2025-03-10T16:24:49.147154" level="INFO">${invoice_number} = 153143</msg>
<var>${invoice_number}</var>
<arg>${Row}[0]</arg>
<doc>Returns the given values which can then be assigned to a variables.</doc>
<status status="PASS" start="2025-03-10T16:24:49.147154" elapsed="0.000000"/>
</kw>
<kw name="Query" owner="DatabaseLibrary">
<msg time="2025-03-10T16:24:49.147154" level="INFO" html="true">Executing sql:&lt;br&gt;&lt;code style="font-weight: bold;"&gt;SELECT total FROM invoicerow WHERE invoicenumber = '153143';&lt;/code&gt;</msg>
<msg time="2025-03-10T16:24:49.147154" level="INFO">Commit the transaction</msg>
<msg time="2025-03-10T16:24:49.147154" level="INFO" html="true">&lt;div style="max-width: 100%; overflow-x: auto;"&gt;&lt;table style="width: auto; border-collapse: collapse; border: 2px solid rgb(140 140 140)"&gt;&lt;caption style="text-align: left; font-weight: bold; padding: 5px;"&gt;Query returned 4 rows&lt;/caption&gt;&lt;tr&gt;&lt;th scope="col" style="color:black; background-color: #d6ecd4; border: 1px solid rgb(160 160 160);padding: 8px 10px;text-align: center;"&gt;Row&lt;/th&gt;&lt;th scope="col" style="background-color: #505050; color: #fff;border: 1px solid rgb(160 160 160);padding: 8px 10px;text-align: center;"&gt;total&lt;/th&gt;&lt;/tr&gt;&lt;tr style="background-color: var(--secondary-color, #eee)"&gt;&lt;th scope="row" style="color:black; background-color: #d6ecd4;border: 1px solid rgb(160 160 160);padding: 8px 10px;text-align: center;"&gt;0&lt;/th&gt;&lt;td style="border: 1px solid rgb(160 160 160);padding: 8px 10px;text-align: center;"&gt;372.00&lt;/td&gt;&lt;/tr&gt;&lt;tr&gt;&lt;th scope="row" style="color:black; background-color: #d6ecd4;border: 1px solid rgb(160 160 160);padding: 8px 10px;text-align: center;"&gt;1&lt;/th&gt;&lt;td style="border: 1px solid rgb(160 160 160);padding: 8px 10px;text-align: center;"&gt;1302.00&lt;/td&gt;&lt;/tr&gt;&lt;tr style="background-color: var(--secondary-color, #eee)"&gt;&lt;th scope="row" style="color:black; background-color: #d6ecd4;border: 1px solid rgb(160 160 160);padding: 8px 10px;text-align: center;"&gt;2&lt;/th&gt;&lt;td style="border: 1px solid rgb(160 160 160);padding: 8px 10px;text-align: center;"&gt;372.00&lt;/td&gt;&lt;/tr&gt;&lt;tr&gt;&lt;th scope="row" style="color:black; background-color: #d6ecd4;border: 1px solid rgb(160 160 160);padding: 8px 10px;text-align: center;"&gt;3&lt;/th&gt;&lt;td style="border: 1px solid rgb(160 160 160);padding: 8px 10px;text-align: center;"&gt;1302.00&lt;/td&gt;&lt;/tr&gt;&lt;/table&gt;&lt;/div&gt;</msg>
<msg time="2025-03-10T16:24:49.147154" level="INFO">${amounts} = ((Decimal('372.00'),), (Decimal('1302.00'),), (Decimal('372.00'),), (Decimal('1302.00'),))</msg>
<var>${amounts}</var>
<arg>SELECT total FROM invoicerow WHERE invoicenumber = '${invoice_number}';</arg>
<doc>Runs a query with the ``select_statement`` and returns the result as list of rows.
The type of row values depends on the database module -
usually they are tuples or tuple-like objects.</doc>
<status status="PASS" start="2025-03-10T16:24:49.147154" elapsed="0.003062"/>
</kw>
<kw name="Set Variable" owner="BuiltIn">
<msg time="2025-03-10T16:24:49.150216" level="INFO">${summed_amount} = 0</msg>
<var>${summed_amount}</var>
<arg>0</arg>
<doc>Returns the given values which can then be assigned to a variables.</doc>
<status status="PASS" start="2025-03-10T16:24:49.150216" elapsed="0.000000"/>
</kw>
<for flavor="IN">
<iter>
<kw name="Evaluate" owner="BuiltIn">
<msg time="2025-03-10T16:24:49.151229" level="INFO">${summed_amount} = 372.0</msg>
<var>${summed_amount}</var>
<arg>${summed_amount} + ${item}[0]</arg>
<doc>Evaluates the given expression in Python and returns the result.</doc>
<status status="PASS" start="2025-03-10T16:24:49.150216" elapsed="0.001013"/>
</kw>
<var name="${item}">(Decimal('372.00'),)</var>
<status status="PASS" start="2025-03-10T16:24:49.150216" elapsed="0.001013"/>
</iter>
<iter>
<kw name="Evaluate" owner="BuiltIn">
<msg time="2025-03-10T16:24:49.151719" level="INFO">${summed_amount} = 1674.0</msg>
<var>${summed_amount}</var>
<arg>${summed_amount} + ${item}[0]</arg>
<doc>Evaluates the given expression in Python and returns the result.</doc>
<status status="PASS" start="2025-03-10T16:24:49.151229" elapsed="0.000490"/>
</kw>
<var name="${item}">(Decimal('1302.00'),)</var>
<status status="PASS" start="2025-03-10T16:24:49.151229" elapsed="0.000490"/>
</iter>
<iter>
<kw name="Evaluate" owner="BuiltIn">
<msg time="2025-03-10T16:24:49.151719" level="INFO">${summed_amount} = 2046.0</msg>
<var>${summed_amount}</var>
<arg>${summed_amount} + ${item}[0]</arg>
<doc>Evaluates the given expression in Python and returns the result.</doc>
<status status="PASS" start="2025-03-10T16:24:49.151719" elapsed="0.000000"/>
</kw>
<var name="${item}">(Decimal('372.00'),)</var>
<status status="PASS" start="2025-03-10T16:24:49.151719" elapsed="0.000000"/>
</iter>
<iter>
<kw name="Evaluate" owner="BuiltIn">
<msg time="2025-03-10T16:24:49.151719" level="INFO">${summed_amount} = 3348.0</msg>
<var>${summed_amount}</var>
<arg>${summed_amount} + ${item}[0]</arg>
<doc>Evaluates the given expression in Python and returns the result.</doc>
<status status="PASS" start="2025-03-10T16:24:49.151719" elapsed="0.000000"/>
</kw>
<var name="${item}">(Decimal('1302.00'),)</var>
<status status="PASS" start="2025-03-10T16:24:49.151719" elapsed="0.000000"/>
</iter>
<var>${item}</var>
<value>@{amounts}</value>
<status status="PASS" start="2025-03-10T16:24:49.150216" elapsed="0.001503"/>
</for>
<kw name="Append To List" owner="Collections">
<arg>${summed_amounts}</arg>
<arg>${summed_amount}</arg>
<doc>Adds ``values`` to the end of ``list``.</doc>
<status status="PASS" start="2025-03-10T16:24:49.151719" elapsed="0.000000"/>
</kw>
<var name="${Row}">(153143, Decimal('1302.00'))</var>
<status status="PASS" start="2025-03-10T16:24:49.147154" elapsed="0.004565"/>
</iter>
<iter>
<kw name="Log" owner="BuiltIn">
<msg time="2025-03-10T16:24:49.151719" level="INFO">(1543235, Decimal('496.00'))</msg>
<arg>${Row}</arg>
<doc>Logs the given message with the given level.</doc>
<status status="PASS" start="2025-03-10T16:24:49.151719" elapsed="0.000000"/>
</kw>
<kw name="Set Variable" owner="BuiltIn">
<msg time="2025-03-10T16:24:49.151719" level="INFO">${invoice_number} = 1543235</msg>
<var>${invoice_number}</var>
<arg>${Row}[0]</arg>
<doc>Returns the given values which can then be assigned to a variables.</doc>
<status status="PASS" start="2025-03-10T16:24:49.151719" elapsed="0.000000"/>
</kw>
<kw name="Query" owner="DatabaseLibrary">
<msg time="2025-03-10T16:24:49.151719" level="INFO" html="true">Executing sql:&lt;br&gt;&lt;code style="font-weight: bold;"&gt;SELECT total FROM invoicerow WHERE invoicenumber = '1543235';&lt;/code&gt;</msg>
<msg time="2025-03-10T16:24:49.151719" level="INFO">Commit the transaction</msg>
<msg time="2025-03-10T16:24:49.151719" level="INFO" html="true">&lt;div style="max-width: 100%; overflow-x: auto;"&gt;&lt;table style="width: auto; border-collapse: collapse; border: 2px solid rgb(140 140 140)"&gt;&lt;caption style="text-align: left; font-weight: bold; padding: 5px;"&gt;Query returned 2 rows&lt;/caption&gt;&lt;tr&gt;&lt;th scope="col" style="color:black; background-color: #d6ecd4; border: 1px solid rgb(160 160 160);padding: 8px 10px;text-align: center;"&gt;Row&lt;/th&gt;&lt;th scope="col" style="background-color: #505050; color: #fff;border: 1px solid rgb(160 160 160);padding: 8px 10px;text-align: center;"&gt;total&lt;/th&gt;&lt;/tr&gt;&lt;tr style="background-color: var(--secondary-color, #eee)"&gt;&lt;th scope="row" style="color:black; background-color: #d6ecd4;border: 1px solid rgb(160 160 160);padding: 8px 10px;text-align: center;"&gt;0&lt;/th&gt;&lt;td style="border: 1px solid rgb(160 160 160);padding: 8px 10px;text-align: center;"&gt;496.00&lt;/td&gt;&lt;/tr&gt;&lt;tr&gt;&lt;th scope="row" style="color:black; background-color: #d6ecd4;border: 1px solid rgb(160 160 160);padding: 8px 10px;text-align: center;"&gt;1&lt;/th&gt;&lt;td style="border: 1px solid rgb(160 160 160);padding: 8px 10px;text-align: center;"&gt;80.60&lt;/td&gt;&lt;/tr&gt;&lt;/table&gt;&lt;/div&gt;</msg>
<msg time="2025-03-10T16:24:49.151719" level="INFO">${amounts} = ((Decimal('496.00'),), (Decimal('80.60'),))</msg>
<var>${amounts}</var>
<arg>SELECT total FROM invoicerow WHERE invoicenumber = '${invoice_number}';</arg>
<doc>Runs a query with the ``select_statement`` and returns the result as list of rows.
The type of row values depends on the database module -
usually they are tuples or tuple-like objects.</doc>
<status status="PASS" start="2025-03-10T16:24:49.151719" elapsed="0.000000"/>
</kw>
<kw name="Set Variable" owner="BuiltIn">
<msg time="2025-03-10T16:24:49.151719" level="INFO">${summed_amount} = 0</msg>
<var>${summed_amount}</var>
<arg>0</arg>
<doc>Returns the given values which can then be assigned to a variables.</doc>
<status status="PASS" start="2025-03-10T16:24:49.151719" elapsed="0.000000"/>
</kw>
<for flavor="IN">
<iter>
<kw name="Evaluate" owner="BuiltIn">
<msg time="2025-03-10T16:24:49.151719" level="INFO">${summed_amount} = 496.0</msg>
<var>${summed_amount}</var>
<arg>${summed_amount} + ${item}[0]</arg>
<doc>Evaluates the given expression in Python and returns the result.</doc>
<status status="PASS" start="2025-03-10T16:24:49.151719" elapsed="0.005447"/>
</kw>
<var name="${item}">(Decimal('496.00'),)</var>
<status status="PASS" start="2025-03-10T16:24:49.151719" elapsed="0.005447"/>
</iter>
<iter>
<kw name="Evaluate" owner="BuiltIn">
<msg time="2025-03-10T16:24:49.157166" level="INFO">${summed_amount} = 576.6</msg>
<var>${summed_amount}</var>
<arg>${summed_amount} + ${item}[0]</arg>
<doc>Evaluates the given expression in Python and returns the result.</doc>
<status status="PASS" start="2025-03-10T16:24:49.157166" elapsed="0.000000"/>
</kw>
<var name="${item}">(Decimal('80.60'),)</var>
<status status="PASS" start="2025-03-10T16:24:49.157166" elapsed="0.000000"/>
</iter>
<var>${item}</var>
<value>@{amounts}</value>
<status status="PASS" start="2025-03-10T16:24:49.151719" elapsed="0.005447"/>
</for>
<kw name="Append To List" owner="Collections">
<arg>${summed_amounts}</arg>
<arg>${summed_amount}</arg>
<doc>Adds ``values`` to the end of ``list``.</doc>
<status status="PASS" start="2025-03-10T16:24:49.157166" elapsed="0.001008"/>
</kw>
<var name="${Row}">(1543235, Decimal('496.00'))</var>
<status status="PASS" start="2025-03-10T16:24:49.151719" elapsed="0.006455"/>
</iter>
<iter>
<kw name="Log" owner="BuiltIn">
<msg time="2025-03-10T16:24:49.158174" level="INFO">(1543235, Decimal('80.60'))</msg>
<arg>${Row}</arg>
<doc>Logs the given message with the given level.</doc>
<status status="PASS" start="2025-03-10T16:24:49.158174" elapsed="0.000000"/>
</kw>
<kw name="Set Variable" owner="BuiltIn">
<msg time="2025-03-10T16:24:49.158174" level="INFO">${invoice_number} = 1543235</msg>
<var>${invoice_number}</var>
<arg>${Row}[0]</arg>
<doc>Returns the given values which can then be assigned to a variables.</doc>
<status status="PASS" start="2025-03-10T16:24:49.158174" elapsed="0.000000"/>
</kw>
<kw name="Query" owner="DatabaseLibrary">
<msg time="2025-03-10T16:24:49.159172" level="INFO" html="true">Executing sql:&lt;br&gt;&lt;code style="font-weight: bold;"&gt;SELECT total FROM invoicerow WHERE invoicenumber = '1543235';&lt;/code&gt;</msg>
<msg time="2025-03-10T16:24:49.159643" level="INFO">Commit the transaction</msg>
<msg time="2025-03-10T16:24:49.159643" level="INFO" html="true">&lt;div style="max-width: 100%; overflow-x: auto;"&gt;&lt;table style="width: auto; border-collapse: collapse; border: 2px solid rgb(140 140 140)"&gt;&lt;caption style="text-align: left; font-weight: bold; padding: 5px;"&gt;Query returned 2 rows&lt;/caption&gt;&lt;tr&gt;&lt;th scope="col" style="color:black; background-color: #d6ecd4; border: 1px solid rgb(160 160 160);padding: 8px 10px;text-align: center;"&gt;Row&lt;/th&gt;&lt;th scope="col" style="background-color: #505050; color: #fff;border: 1px solid rgb(160 160 160);padding: 8px 10px;text-align: center;"&gt;total&lt;/th&gt;&lt;/tr&gt;&lt;tr style="background-color: var(--secondary-color, #eee)"&gt;&lt;th scope="row" style="color:black; background-color: #d6ecd4;border: 1px solid rgb(160 160 160);padding: 8px 10px;text-align: center;"&gt;0&lt;/th&gt;&lt;td style="border: 1px solid rgb(160 160 160);padding: 8px 10px;text-align: center;"&gt;496.00&lt;/td&gt;&lt;/tr&gt;&lt;tr&gt;&lt;th scope="row" style="color:black; background-color: #d6ecd4;border: 1px solid rgb(160 160 160);padding: 8px 10px;text-align: center;"&gt;1&lt;/th&gt;&lt;td style="border: 1px solid rgb(160 160 160);padding: 8px 10px;text-align: center;"&gt;80.60&lt;/td&gt;&lt;/tr&gt;&lt;/table&gt;&lt;/div&gt;</msg>
<msg time="2025-03-10T16:24:49.159643" level="INFO">${amounts} = ((Decimal('496.00'),), (Decimal('80.60'),))</msg>
<var>${amounts}</var>
<arg>SELECT total FROM invoicerow WHERE invoicenumber = '${invoice_number}';</arg>
<doc>Runs a query with the ``select_statement`` and returns the result as list of rows.
The type of row values depends on the database module -
usually they are tuples or tuple-like objects.</doc>
<status status="PASS" start="2025-03-10T16:24:49.159172" elapsed="0.000471"/>
</kw>
<kw name="Set Variable" owner="BuiltIn">
<msg time="2025-03-10T16:24:49.159643" level="INFO">${summed_amount} = 0</msg>
<var>${summed_amount}</var>
<arg>0</arg>
<doc>Returns the given values which can then be assigned to a variables.</doc>
<status status="PASS" start="2025-03-10T16:24:49.159643" elapsed="0.000000"/>
</kw>
<for flavor="IN">
<iter>
<kw name="Evaluate" owner="BuiltIn">
<msg time="2025-03-10T16:24:49.159643" level="INFO">${summed_amount} = 496.0</msg>
<var>${summed_amount}</var>
<arg>${summed_amount} + ${item}[0]</arg>
<doc>Evaluates the given expression in Python and returns the result.</doc>
<status status="PASS" start="2025-03-10T16:24:49.159643" elapsed="0.000000"/>
</kw>
<var name="${item}">(Decimal('496.00'),)</var>
<status status="PASS" start="2025-03-10T16:24:49.159643" elapsed="0.000000"/>
</iter>
<iter>
<kw name="Evaluate" owner="BuiltIn">
<msg time="2025-03-10T16:24:49.159643" level="INFO">${summed_amount} = 576.6</msg>
<var>${summed_amount}</var>
<arg>${summed_amount} + ${item}[0]</arg>
<doc>Evaluates the given expression in Python and returns the result.</doc>
<status status="PASS" start="2025-03-10T16:24:49.159643" elapsed="0.000000"/>
</kw>
<var name="${item}">(Decimal('80.60'),)</var>
<status status="PASS" start="2025-03-10T16:24:49.159643" elapsed="0.000000"/>
</iter>
<var>${item}</var>
<value>@{amounts}</value>
<status status="PASS" start="2025-03-10T16:24:49.159643" elapsed="0.000000"/>
</for>
<kw name="Append To List" owner="Collections">
<arg>${summed_amounts}</arg>
<arg>${summed_amount}</arg>
<doc>Adds ``values`` to the end of ``list``.</doc>
<status status="PASS" start="2025-03-10T16:24:49.159643" elapsed="0.000000"/>
</kw>
<var name="${Row}">(1543235, Decimal('80.60'))</var>
<status status="PASS" start="2025-03-10T16:24:49.158174" elapsed="0.001469"/>
</iter>
<var>${Row}</var>
<value>@{RowInfo}</value>
<status status="PASS" start="2025-03-10T16:24:49.121161" elapsed="0.038482"/>
</for>
<kw name="Remove Duplicates" owner="Collections">
<msg time="2025-03-10T16:24:49.159643" level="INFO">5 duplicates removed.</msg>
<msg time="2025-03-10T16:24:49.159643" level="INFO">@{summed_amounts} = [ 1674.0 | 3348.0 | 576.6 ]</msg>
<var>@{summed_amounts}</var>
<arg>${summed_amounts}</arg>
<doc>Returns a list without duplicates based on the given ``list``.</doc>
<status status="PASS" start="2025-03-10T16:24:49.159643" elapsed="0.000000"/>
</kw>
<kw name="Log" owner="BuiltIn">
<msg time="2025-03-10T16:24:49.164087" level="INFO">[1674.0, 3348.0, 576.6]</msg>
<arg>${summed_amounts}</arg>
<doc>Logs the given message with the given level.</doc>
<status status="PASS" start="2025-03-10T16:24:49.164087" elapsed="0.000000"/>
</kw>
<for flavor="IN">
<iter>
<kw name="Log" owner="BuiltIn">
<msg time="2025-03-10T16:24:49.165095" level="INFO">(143143, '1431432', 'FI12 3456 7890 1234 56', Decimal('1674.00'))</msg>
<arg>${element}</arg>
<doc>Logs the given message with the given level.</doc>
<status status="PASS" start="2025-03-10T16:24:49.165095" elapsed="0.000000"/>
</kw>
<kw name="Check IBAN">
<kw name="Set Variable" owner="BuiltIn">
<msg time="2025-03-10T16:24:49.165760" level="INFO">${status} = False</msg>
<var>${status}</var>
<arg>${False}</arg>
<doc>Returns the given values which can then be assigned to a variables.</doc>
<status status="PASS" start="2025-03-10T16:24:49.165760" elapsed="0.000000"/>
</kw>
<kw name="Remove String" owner="String">
<msg time="2025-03-10T16:24:49.165760" level="INFO">${iban} = FI1234567890123456</msg>
<var>${iban}</var>
<arg>${iban}</arg>
<arg>${SPACE}</arg>
<doc>Removes all ``removables`` from the given ``string``.</doc>
<status status="PASS" start="2025-03-10T16:24:49.165760" elapsed="0.000000"/>
</kw>
<kw name="Get Length" owner="BuiltIn">
<msg time="2025-03-10T16:24:49.165760" level="INFO">Length is 18.</msg>
<msg time="2025-03-10T16:24:49.165760" level="INFO">${lenght} = 18</msg>
<var>${lenght}</var>
<arg>${iban}</arg>
<doc>Returns and logs the length of the given item as an integer.</doc>
<status status="PASS" start="2025-03-10T16:24:49.165760" elapsed="0.000000"/>
</kw>
<if>
<branch type="IF" condition="${lenght} == 18">
<kw name="Set Variable" owner="BuiltIn">
<msg time="2025-03-10T16:24:49.165760" level="INFO">${status} = True</msg>
<var>${status}</var>
<arg>${True}</arg>
<doc>Returns the given values which can then be assigned to a variables.</doc>
<status status="PASS" start="2025-03-10T16:24:49.165760" elapsed="0.000000"/>
</kw>
<status status="PASS" start="2025-03-10T16:24:49.165760" elapsed="0.000000"/>
</branch>
<status status="PASS" start="2025-03-10T16:24:49.165760" elapsed="0.000000"/>
</if>
<return>
<value>${status}</value>
<status status="PASS" start="2025-03-10T16:24:49.165760" elapsed="0.000000"/>
</return>
<msg time="2025-03-10T16:24:49.165760" level="INFO">${status} = True</msg>
<var>${status}</var>
<arg>${element}[2]</arg>
<status status="PASS" start="2025-03-10T16:24:49.165760" elapsed="0.000000"/>
</kw>
<if>
<branch type="IF" condition="not ${status}">
<kw name="Set Variable" owner="BuiltIn">
<var>${invoiceStatus}</var>
<arg>2</arg>
<doc>Returns the given values which can then be assigned to a variables.</doc>
<status status="NOT RUN" start="2025-03-10T16:24:49.165760" elapsed="0.000000"/>
</kw>
<kw name="Set Variable" owner="BuiltIn">
<var>${InvoiceComment}</var>
<arg>iban error</arg>
<doc>Returns the given values which can then be assigned to a variables.</doc>
<status status="NOT RUN" start="2025-03-10T16:24:49.165760" elapsed="0.000000"/>
</kw>
<kw name="Log" owner="BuiltIn">
<arg>IBAN KUSI</arg>
<doc>Logs the given message with the given level.</doc>
<status status="NOT RUN" start="2025-03-10T16:24:49.165760" elapsed="0.000000"/>
</kw>
<kw name="Create List" owner="BuiltIn">
<var>@{params}</var>
<arg>${invoiceStatus}</arg>
<arg>${InvoiceComment}</arg>
<arg>${element}[0]</arg>
<doc>Returns a list containing given items.</doc>
<status status="NOT RUN" start="2025-03-10T16:24:49.165760" elapsed="0.000000"/>
</kw>
<kw name="Set Variable" owner="BuiltIn">
<var>${updateStmt}</var>
<arg>update invoiceheader set invoicestatus_id = %s, comments = %s where invoicenumber = %s;</arg>
<doc>Returns the given values which can then be assigned to a variables.</doc>
<status status="NOT RUN" start="2025-03-10T16:24:49.165760" elapsed="0.000000"/>
</kw>
<kw name="Execute Sql String" owner="DatabaseLibrary">
<arg>${updateStmt}</arg>
<arg>parameters=${params}</arg>
<doc>Executes the ``sql_string`` as a single SQL command.</doc>
<status status="NOT RUN" start="2025-03-10T16:24:49.165760" elapsed="0.000000"/>
</kw>
<status status="NOT RUN" start="2025-03-10T16:24:49.165760" elapsed="0.000000"/>
</branch>
<status status="PASS" start="2025-03-10T16:24:49.165760" elapsed="0.000000"/>
</if>
<kw name="Set Variable" owner="BuiltIn">
<msg time="2025-03-10T16:24:49.165760" level="INFO">${total_amount} = 1674.00</msg>
<var>${total_amount}</var>
<arg>${element}[3]</arg>
<doc>Returns the given values which can then be assigned to a variables.</doc>
<status status="PASS" start="2025-03-10T16:24:49.165760" elapsed="0.000000"/>
</kw>
<kw name="Check amount from invoice">
<kw name="Set Variable" owner="BuiltIn">
<msg time="2025-03-10T16:24:49.171092" level="INFO">${status} = False</msg>
<var>${status}</var>
<arg>${False}</arg>
<doc>Returns the given values which can then be assigned to a variables.</doc>
<status status="PASS" start="2025-03-10T16:24:49.171092" elapsed="0.000000"/>
</kw>
<kw name="Convert To Number" owner="BuiltIn">
<msg time="2025-03-10T16:24:49.171092" level="INFO">${TotalSumFromHeaders} = 1674.0</msg>
<var>${TotalSumFromHeaders}</var>
<arg>${TotalSumFromHeaders}</arg>
<doc>Converts the given item to a floating point number.</doc>
<status status="PASS" start="2025-03-10T16:24:49.171092" elapsed="0.000000"/>
</kw>
<kw name="Convert To Number" owner="BuiltIn">
<msg time="2025-03-10T16:24:49.172110" level="INFO">${TotalSumFromRows} = 1674.0</msg>
<var>${TotalSumFromRows}</var>
<arg>${TotalSumFromRows}</arg>
<doc>Converts the given item to a floating point number.</doc>
<status status="PASS" start="2025-03-10T16:24:49.171092" elapsed="0.001018"/>
</kw>
<kw name="Convert To Number" owner="BuiltIn">
<msg time="2025-03-10T16:24:49.172110" level="INFO">${diff} = 0.01</msg>
<var>${diff}</var>
<arg>0.01</arg>
<doc>Converts the given item to a floating point number.</doc>
<status status="PASS" start="2025-03-10T16:24:49.172110" elapsed="0.000000"/>
</kw>
<kw name="Is Equal" owner="validate">
<msg time="2025-03-10T16:24:49.172110" level="INFO">${status} = True</msg>
<var>${status}</var>
<arg>${TotalSumFromHeaders}</arg>
<arg>${TotalSumFromRows}</arg>
<arg>${diff}</arg>
<status status="PASS" start="2025-03-10T16:24:49.172110" elapsed="0.000000"/>
</kw>
<return>
<value>${status}</value>
<status status="PASS" start="2025-03-10T16:24:49.172110" elapsed="0.000000"/>
</return>
<msg time="2025-03-10T16:24:49.173105" level="INFO">${status} = True</msg>
<var>${status}</var>
<arg>${total_amount}</arg>
<arg>${summed_amounts}[${COUNTER}]</arg>
<status status="PASS" start="2025-03-10T16:24:49.165760" elapsed="0.007345"/>
</kw>
<if>
<branch type="IF" condition="not ${status}">
<kw name="Set Variable" owner="BuiltIn">
<var>${invoiceStatus}</var>
<arg>3</arg>
<doc>Returns the given values which can then be assigned to a variables.</doc>
<status status="NOT RUN" start="2025-03-10T16:24:49.173105" elapsed="0.000000"/>
</kw>
<kw name="Set Variable" owner="BuiltIn">
<var>${InvoiceComment}</var>
<arg>Amount error</arg>
<doc>Returns the given values which can then be assigned to a variables.</doc>
<status status="NOT RUN" start="2025-03-10T16:24:49.173105" elapsed="0.000000"/>
</kw>
<kw name="Log" owner="BuiltIn">
<arg>HINTA KUSI</arg>
<doc>Logs the given message with the given level.</doc>
<status status="NOT RUN" start="2025-03-10T16:24:49.173105" elapsed="0.000000"/>
</kw>
<kw name="Create List" owner="BuiltIn">
<var>@{params}</var>
<arg>${invoiceStatus}</arg>
<arg>${InvoiceComment}</arg>
<arg>${element}[0]</arg>
<doc>Returns a list containing given items.</doc>
<status status="NOT RUN" start="2025-03-10T16:24:49.174097" elapsed="0.000000"/>
</kw>
<kw name="Set Variable" owner="BuiltIn">
<var>${updateStmt}</var>
<arg>update invoiceheader set invoicestatus_id = %s, comments = %s where invoicenumber = %s;</arg>
<doc>Returns the given values which can then be assigned to a variables.</doc>
<status status="NOT RUN" start="2025-03-10T16:24:49.174097" elapsed="0.000000"/>
</kw>
<kw name="Execute Sql String" owner="DatabaseLibrary">
<arg>${updateStmt}</arg>
<arg>parameters=${params}</arg>
<doc>Executes the ``sql_string`` as a single SQL command.</doc>
<status status="NOT RUN" start="2025-03-10T16:24:49.174097" elapsed="0.000000"/>
</kw>
<status status="NOT RUN" start="2025-03-10T16:24:49.173105" elapsed="0.000992"/>
</branch>
<status status="PASS" start="2025-03-10T16:24:49.173105" elapsed="0.000992"/>
</if>
<kw name="Set Variable" owner="BuiltIn">
<msg time="2025-03-10T16:24:49.175096" level="INFO">${COUNTER} = 1</msg>
<var>${COUNTER}</var>
<arg>${{${COUNTER} + 1}}</arg>
<doc>Returns the given values which can then be assigned to a variables.</doc>
<status status="PASS" start="2025-03-10T16:24:49.174097" elapsed="0.000999"/>
</kw>
<kw name="Set Variable" owner="BuiltIn">
<msg time="2025-03-10T16:24:49.175096" level="INFO">${invoiceStatus} = 0</msg>
<var>${invoiceStatus}</var>
<arg>0</arg>
<doc>Returns the given values which can then be assigned to a variables.</doc>
<status status="PASS" start="2025-03-10T16:24:49.175096" elapsed="0.000000"/>
</kw>
<kw name="Set Variable" owner="BuiltIn">
<msg time="2025-03-10T16:24:49.175096" level="INFO">${InvoiceComment} = All ok</msg>
<var>${InvoiceComment}</var>
<arg>All ok</arg>
<doc>Returns the given values which can then be assigned to a variables.</doc>
<status status="PASS" start="2025-03-10T16:24:49.175096" elapsed="0.000000"/>
</kw>
<var name="${element}">(143143, '1431432', 'FI12 3456 7890 1234 56', Decimal('1674.00'))</var>
<status status="PASS" start="2025-03-10T16:24:49.165095" elapsed="0.011002"/>
</iter>
<iter>
<kw name="Log" owner="BuiltIn">
<msg time="2025-03-10T16:24:49.176097" level="INFO">(153143, '1531439', 'FI12 3456 7890 1234 56', Decimal('3348.00'))</msg>
<arg>${element}</arg>
<doc>Logs the given message with the given level.</doc>
<status status="PASS" start="2025-03-10T16:24:49.176097" elapsed="0.000000"/>
</kw>
<kw name="Check IBAN">
<kw name="Set Variable" owner="BuiltIn">
<msg time="2025-03-10T16:24:49.177097" level="INFO">${status} = False</msg>
<var>${status}</var>
<arg>${False}</arg>
<doc>Returns the given values which can then be assigned to a variables.</doc>
<status status="PASS" start="2025-03-10T16:24:49.177097" elapsed="0.000000"/>
</kw>
<kw name="Remove String" owner="String">
<msg time="2025-03-10T16:24:49.177601" level="INFO">${iban} = FI1234567890123456</msg>
<var>${iban}</var>
<arg>${iban}</arg>
<arg>${SPACE}</arg>
<doc>Removes all ``removables`` from the given ``string``.</doc>
<status status="PASS" start="2025-03-10T16:24:49.177601" elapsed="0.000000"/>
</kw>
<kw name="Get Length" owner="BuiltIn">
<msg time="2025-03-10T16:24:49.177601" level="INFO">Length is 18.</msg>
<msg time="2025-03-10T16:24:49.177601" level="INFO">${lenght} = 18</msg>
<var>${lenght}</var>
<arg>${iban}</arg>
<doc>Returns and logs the length of the given item as an integer.</doc>
<status status="PASS" start="2025-03-10T16:24:49.177601" elapsed="0.000000"/>
</kw>
<if>
<branch type="IF" condition="${lenght} == 18">
<kw name="Set Variable" owner="BuiltIn">
<msg time="2025-03-10T16:24:49.178606" level="INFO">${status} = True</msg>
<var>${status}</var>
<arg>${True}</arg>
<doc>Returns the given values which can then be assigned to a variables.</doc>
<status status="PASS" start="2025-03-10T16:24:49.177601" elapsed="0.001005"/>
</kw>
<status status="PASS" start="2025-03-10T16:24:49.177601" elapsed="0.001005"/>
</branch>
<status status="PASS" start="2025-03-10T16:24:49.177601" elapsed="0.001005"/>
</if>
<return>
<value>${status}</value>
<status status="PASS" start="2025-03-10T16:24:49.178606" elapsed="0.000000"/>
</return>
<msg time="2025-03-10T16:24:49.179049" level="INFO">${status} = True</msg>
<var>${status}</var>
<arg>${element}[2]</arg>
<status status="PASS" start="2025-03-10T16:24:49.176097" elapsed="0.002952"/>
</kw>
<if>
<branch type="IF" condition="not ${status}">
<kw name="Set Variable" owner="BuiltIn">
<var>${invoiceStatus}</var>
<arg>2</arg>
<doc>Returns the given values which can then be assigned to a variables.</doc>
<status status="NOT RUN" start="2025-03-10T16:24:49.179049" elapsed="0.000000"/>
</kw>
<kw name="Set Variable" owner="BuiltIn">
<var>${InvoiceComment}</var>
<arg>iban error</arg>
<doc>Returns the given values which can then be assigned to a variables.</doc>
<status status="NOT RUN" start="2025-03-10T16:24:49.179049" elapsed="0.000000"/>
</kw>
<kw name="Log" owner="BuiltIn">
<arg>IBAN KUSI</arg>
<doc>Logs the given message with the given level.</doc>
<status status="NOT RUN" start="2025-03-10T16:24:49.179049" elapsed="0.000000"/>
</kw>
<kw name="Create List" owner="BuiltIn">
<var>@{params}</var>
<arg>${invoiceStatus}</arg>
<arg>${InvoiceComment}</arg>
<arg>${element}[0]</arg>
<doc>Returns a list containing given items.</doc>
<status status="NOT RUN" start="2025-03-10T16:24:49.179049" elapsed="0.000000"/>
</kw>
<kw name="Set Variable" owner="BuiltIn">
<var>${updateStmt}</var>
<arg>update invoiceheader set invoicestatus_id = %s, comments = %s where invoicenumber = %s;</arg>
<doc>Returns the given values which can then be assigned to a variables.</doc>
<status status="NOT RUN" start="2025-03-10T16:24:49.179049" elapsed="0.000000"/>
</kw>
<kw name="Execute Sql String" owner="DatabaseLibrary">
<arg>${updateStmt}</arg>
<arg>parameters=${params}</arg>
<doc>Executes the ``sql_string`` as a single SQL command.</doc>
<status status="NOT RUN" start="2025-03-10T16:24:49.179049" elapsed="0.000000"/>
</kw>
<status status="NOT RUN" start="2025-03-10T16:24:49.179049" elapsed="0.000000"/>
</branch>
<status status="PASS" start="2025-03-10T16:24:49.179049" elapsed="0.000000"/>
</if>
<kw name="Set Variable" owner="BuiltIn">
<msg time="2025-03-10T16:24:49.179049" level="INFO">${total_amount} = 3348.00</msg>
<var>${total_amount}</var>
<arg>${element}[3]</arg>
<doc>Returns the given values which can then be assigned to a variables.</doc>
<status status="PASS" start="2025-03-10T16:24:49.179049" elapsed="0.000000"/>
</kw>
<kw name="Check amount from invoice">
<kw name="Set Variable" owner="BuiltIn">
<msg time="2025-03-10T16:24:49.179049" level="INFO">${status} = False</msg>
<var>${status}</var>
<arg>${False}</arg>
<doc>Returns the given values which can then be assigned to a variables.</doc>
<status status="PASS" start="2025-03-10T16:24:49.179049" elapsed="0.000000"/>
</kw>
<kw name="Convert To Number" owner="BuiltIn">
<msg time="2025-03-10T16:24:49.179049" level="INFO">${TotalSumFromHeaders} = 3348.0</msg>
<var>${TotalSumFromHeaders}</var>
<arg>${TotalSumFromHeaders}</arg>
<doc>Converts the given item to a floating point number.</doc>
<status status="PASS" start="2025-03-10T16:24:49.179049" elapsed="0.000000"/>
</kw>
<kw name="Convert To Number" owner="BuiltIn">
<msg time="2025-03-10T16:24:49.179049" level="INFO">${TotalSumFromRows} = 3348.0</msg>
<var>${TotalSumFromRows}</var>
<arg>${TotalSumFromRows}</arg>
<doc>Converts the given item to a floating point number.</doc>
<status status="PASS" start="2025-03-10T16:24:49.179049" elapsed="0.000000"/>
</kw>
<kw name="Convert To Number" owner="BuiltIn">
<msg time="2025-03-10T16:24:49.179049" level="INFO">${diff} = 0.01</msg>
<var>${diff}</var>
<arg>0.01</arg>
<doc>Converts the given item to a floating point number.</doc>
<status status="PASS" start="2025-03-10T16:24:49.179049" elapsed="0.000000"/>
</kw>
<kw name="Is Equal" owner="validate">
<msg time="2025-03-10T16:24:49.179049" level="INFO">${status} = True</msg>
<var>${status}</var>
<arg>${TotalSumFromHeaders}</arg>
<arg>${TotalSumFromRows}</arg>
<arg>${diff}</arg>
<status status="PASS" start="2025-03-10T16:24:49.179049" elapsed="0.000000"/>
</kw>
<return>
<value>${status}</value>
<status status="PASS" start="2025-03-10T16:24:49.179049" elapsed="0.000000"/>
</return>
<msg time="2025-03-10T16:24:49.179049" level="INFO">${status} = True</msg>
<var>${status}</var>
<arg>${total_amount}</arg>
<arg>${summed_amounts}[${COUNTER}]</arg>
<status status="PASS" start="2025-03-10T16:24:49.179049" elapsed="0.000000"/>
</kw>
<if>
<branch type="IF" condition="not ${status}">
<kw name="Set Variable" owner="BuiltIn">
<var>${invoiceStatus}</var>
<arg>3</arg>
<doc>Returns the given values which can then be assigned to a variables.</doc>
<status status="NOT RUN" start="2025-03-10T16:24:49.179049" elapsed="0.000000"/>
</kw>
<kw name="Set Variable" owner="BuiltIn">
<var>${InvoiceComment}</var>
<arg>Amount error</arg>
<doc>Returns the given values which can then be assigned to a variables.</doc>
<status status="NOT RUN" start="2025-03-10T16:24:49.179049" elapsed="0.000000"/>
</kw>
<kw name="Log" owner="BuiltIn">
<arg>HINTA KUSI</arg>
<doc>Logs the given message with the given level.</doc>
<status status="NOT RUN" start="2025-03-10T16:24:49.179049" elapsed="0.000000"/>
</kw>
<kw name="Create List" owner="BuiltIn">
<var>@{params}</var>
<arg>${invoiceStatus}</arg>
<arg>${InvoiceComment}</arg>
<arg>${element}[0]</arg>
<doc>Returns a list containing given items.</doc>
<status status="NOT RUN" start="2025-03-10T16:24:49.179049" elapsed="0.000000"/>
</kw>
<kw name="Set Variable" owner="BuiltIn">
<var>${updateStmt}</var>
<arg>update invoiceheader set invoicestatus_id = %s, comments = %s where invoicenumber = %s;</arg>
<doc>Returns the given values which can then be assigned to a variables.</doc>
<status status="NOT RUN" start="2025-03-10T16:24:49.179049" elapsed="0.000000"/>
</kw>
<kw name="Execute Sql String" owner="DatabaseLibrary">
<arg>${updateStmt}</arg>
<arg>parameters=${params}</arg>
<doc>Executes the ``sql_string`` as a single SQL command.</doc>
<status status="NOT RUN" start="2025-03-10T16:24:49.179049" elapsed="0.000000"/>
</kw>
<status status="NOT RUN" start="2025-03-10T16:24:49.179049" elapsed="0.000000"/>
</branch>
<status status="PASS" start="2025-03-10T16:24:49.179049" elapsed="0.000000"/>
</if>
<kw name="Set Variable" owner="BuiltIn">
<msg time="2025-03-10T16:24:49.185018" level="INFO">${COUNTER} = 2</msg>
<var>${COUNTER}</var>
<arg>${{${COUNTER} + 1}}</arg>
<doc>Returns the given values which can then be assigned to a variables.</doc>
<status status="PASS" start="2025-03-10T16:24:49.179049" elapsed="0.005969"/>
</kw>
<kw name="Set Variable" owner="BuiltIn">
<msg time="2025-03-10T16:24:49.185381" level="INFO">${invoiceStatus} = 0</msg>
<var>${invoiceStatus}</var>
<arg>0</arg>
<doc>Returns the given values which can then be assigned to a variables.</doc>
<status status="PASS" start="2025-03-10T16:24:49.185381" elapsed="0.000000"/>
</kw>
<kw name="Set Variable" owner="BuiltIn">
<msg time="2025-03-10T16:24:49.185381" level="INFO">${InvoiceComment} = All ok</msg>
<var>${InvoiceComment}</var>
<arg>All ok</arg>
<doc>Returns the given values which can then be assigned to a variables.</doc>
<status status="PASS" start="2025-03-10T16:24:49.185381" elapsed="0.000000"/>
</kw>
<var name="${element}">(153143, '1531439', 'FI12 3456 7890 1234 56', Decimal('3348.00'))</var>
<status status="PASS" start="2025-03-10T16:24:49.176097" elapsed="0.009284"/>
</iter>
<iter>
<kw name="Log" owner="BuiltIn">
<msg time="2025-03-10T16:24:49.185381" level="INFO">(1543235, '15432359', 'FI05 1234 5600 7891 01', Decimal('576.60'))</msg>
<arg>${element}</arg>
<doc>Logs the given message with the given level.</doc>
<status status="PASS" start="2025-03-10T16:24:49.185381" elapsed="0.000000"/>
</kw>
<kw name="Check IBAN">
<kw name="Set Variable" owner="BuiltIn">
<msg time="2025-03-10T16:24:49.185381" level="INFO">${status} = False</msg>
<var>${status}</var>
<arg>${False}</arg>
<doc>Returns the given values which can then be assigned to a variables.</doc>
<status status="PASS" start="2025-03-10T16:24:49.185381" elapsed="0.000000"/>
</kw>
<kw name="Remove String" owner="String">
<msg time="2025-03-10T16:24:49.185381" level="INFO">${iban} = FI0512345600789101</msg>
<var>${iban}</var>
<arg>${iban}</arg>
<arg>${SPACE}</arg>
<doc>Removes all ``removables`` from the given ``string``.</doc>
<status status="PASS" start="2025-03-10T16:24:49.185381" elapsed="0.000000"/>
</kw>
<kw name="Get Length" owner="BuiltIn">
<msg time="2025-03-10T16:24:49.185381" level="INFO">Length is 18.</msg>
<msg time="2025-03-10T16:24:49.185381" level="INFO">${lenght} = 18</msg>
<var>${lenght}</var>
<arg>${iban}</arg>
<doc>Returns and logs the length of the given item as an integer.</doc>
<status status="PASS" start="2025-03-10T16:24:49.185381" elapsed="0.000000"/>
</kw>
<if>
<branch type="IF" condition="${lenght} == 18">
<kw name="Set Variable" owner="BuiltIn">
<msg time="2025-03-10T16:24:49.185381" level="INFO">${status} = True</msg>
<var>${status}</var>
<arg>${True}</arg>
<doc>Returns the given values which can then be assigned to a variables.</doc>
<status status="PASS" start="2025-03-10T16:24:49.185381" elapsed="0.000000"/>
</kw>
<status status="PASS" start="2025-03-10T16:24:49.185381" elapsed="0.000000"/>
</branch>
<status status="PASS" start="2025-03-10T16:24:49.185381" elapsed="0.000000"/>
</if>
<return>
<value>${status}</value>
<status status="PASS" start="2025-03-10T16:24:49.185381" elapsed="0.000000"/>
</return>
<msg time="2025-03-10T16:24:49.185381" level="INFO">${status} = True</msg>
<var>${status}</var>
<arg>${element}[2]</arg>
<status status="PASS" start="2025-03-10T16:24:49.185381" elapsed="0.000000"/>
</kw>
<if>
<branch type="IF" condition="not ${status}">
<kw name="Set Variable" owner="BuiltIn">
<var>${invoiceStatus}</var>
<arg>2</arg>
<doc>Returns the given values which can then be assigned to a variables.</doc>
<status status="NOT RUN" start="2025-03-10T16:24:49.185381" elapsed="0.000000"/>
</kw>
<kw name="Set Variable" owner="BuiltIn">
<var>${InvoiceComment}</var>
<arg>iban error</arg>
<doc>Returns the given values which can then be assigned to a variables.</doc>
<status status="NOT RUN" start="2025-03-10T16:24:49.185381" elapsed="0.000000"/>
</kw>
<kw name="Log" owner="BuiltIn">
<arg>IBAN KUSI</arg>
<doc>Logs the given message with the given level.</doc>
<status status="NOT RUN" start="2025-03-10T16:24:49.185381" elapsed="0.000000"/>
</kw>
<kw name="Create List" owner="BuiltIn">
<var>@{params}</var>
<arg>${invoiceStatus}</arg>
<arg>${InvoiceComment}</arg>
<arg>${element}[0]</arg>
<doc>Returns a list containing given items.</doc>
<status status="NOT RUN" start="2025-03-10T16:24:49.185381" elapsed="0.000000"/>
</kw>
<kw name="Set Variable" owner="BuiltIn">
<var>${updateStmt}</var>
<arg>update invoiceheader set invoicestatus_id = %s, comments = %s where invoicenumber = %s;</arg>
<doc>Returns the given values which can then be assigned to a variables.</doc>
<status status="NOT RUN" start="2025-03-10T16:24:49.185381" elapsed="0.000000"/>
</kw>
<kw name="Execute Sql String" owner="DatabaseLibrary">
<arg>${updateStmt}</arg>
<arg>parameters=${params}</arg>
<doc>Executes the ``sql_string`` as a single SQL command.</doc>
<status status="NOT RUN" start="2025-03-10T16:24:49.185381" elapsed="0.000000"/>
</kw>
<status status="NOT RUN" start="2025-03-10T16:24:49.185381" elapsed="0.000000"/>
</branch>
<status status="PASS" start="2025-03-10T16:24:49.185381" elapsed="0.000000"/>
</if>
<kw name="Set Variable" owner="BuiltIn">
<msg time="2025-03-10T16:24:49.185381" level="INFO">${total_amount} = 576.60</msg>
<var>${total_amount}</var>
<arg>${element}[3]</arg>
<doc>Returns the given values which can then be assigned to a variables.</doc>
<status status="PASS" start="2025-03-10T16:24:49.185381" elapsed="0.000000"/>
</kw>
<kw name="Check amount from invoice">
<kw name="Set Variable" owner="BuiltIn">
<msg time="2025-03-10T16:24:49.185381" level="INFO">${status} = False</msg>
<var>${status}</var>
<arg>${False}</arg>
<doc>Returns the given values which can then be assigned to a variables.</doc>
<status status="PASS" start="2025-03-10T16:24:49.185381" elapsed="0.000000"/>
</kw>
<kw name="Convert To Number" owner="BuiltIn">
<msg time="2025-03-10T16:24:49.185381" level="INFO">${TotalSumFromHeaders} = 576.6</msg>
<var>${TotalSumFromHeaders}</var>
<arg>${TotalSumFromHeaders}</arg>
<doc>Converts the given item to a floating point number.</doc>
<status status="PASS" start="2025-03-10T16:24:49.185381" elapsed="0.000000"/>
</kw>
<kw name="Convert To Number" owner="BuiltIn">
<msg time="2025-03-10T16:24:49.185381" level="INFO">${TotalSumFromRows} = 576.6</msg>
<var>${TotalSumFromRows}</var>
<arg>${TotalSumFromRows}</arg>
<doc>Converts the given item to a floating point number.</doc>
<status status="PASS" start="2025-03-10T16:24:49.185381" elapsed="0.000000"/>
</kw>
<kw name="Convert To Number" owner="BuiltIn">
<msg time="2025-03-10T16:24:49.192058" level="INFO">${diff} = 0.01</msg>
<var>${diff}</var>
<arg>0.01</arg>
<doc>Converts the given item to a floating point number.</doc>
<status status="PASS" start="2025-03-10T16:24:49.191938" elapsed="0.000496"/>
</kw>
<kw name="Is Equal" owner="validate">
<msg time="2025-03-10T16:24:49.192918" level="INFO">${status} = True</msg>
<var>${status}</var>
<arg>${TotalSumFromHeaders}</arg>
<arg>${TotalSumFromRows}</arg>
<arg>${diff}</arg>
<status status="PASS" start="2025-03-10T16:24:49.192434" elapsed="0.000621"/>
</kw>
<return>
<value>${status}</value>
<status status="PASS" start="2025-03-10T16:24:49.193136" elapsed="0.000142"/>
</return>
<msg time="2025-03-10T16:24:49.193278" level="INFO">${status} = True</msg>
<var>${status}</var>
<arg>${total_amount}</arg>
<arg>${summed_amounts}[${COUNTER}]</arg>
<status status="PASS" start="2025-03-10T16:24:49.185381" elapsed="0.007897"/>
</kw>
<if>
<branch type="IF" condition="not ${status}">
<kw name="Set Variable" owner="BuiltIn">
<var>${invoiceStatus}</var>
<arg>3</arg>
<doc>Returns the given values which can then be assigned to a variables.</doc>
<status status="NOT RUN" start="2025-03-10T16:24:49.193278" elapsed="0.000000"/>
</kw>
<kw name="Set Variable" owner="BuiltIn">
<var>${InvoiceComment}</var>
<arg>Amount error</arg>
<doc>Returns the given values which can then be assigned to a variables.</doc>
<status status="NOT RUN" start="2025-03-10T16:24:49.193278" elapsed="0.000000"/>
</kw>
<kw name="Log" owner="BuiltIn">
<arg>HINTA KUSI</arg>
<doc>Logs the given message with the given level.</doc>
<status status="NOT RUN" start="2025-03-10T16:24:49.194290" elapsed="0.000000"/>
</kw>
<kw name="Create List" owner="BuiltIn">
<var>@{params}</var>
<arg>${invoiceStatus}</arg>
<arg>${InvoiceComment}</arg>
<arg>${element}[0]</arg>
<doc>Returns a list containing given items.</doc>
<status status="NOT RUN" start="2025-03-10T16:24:49.194290" elapsed="0.000000"/>
</kw>
<kw name="Set Variable" owner="BuiltIn">
<var>${updateStmt}</var>
<arg>update invoiceheader set invoicestatus_id = %s, comments = %s where invoicenumber = %s;</arg>
<doc>Returns the given values which can then be assigned to a variables.</doc>
<status status="NOT RUN" start="2025-03-10T16:24:49.194290" elapsed="0.000000"/>
</kw>
<kw name="Execute Sql String" owner="DatabaseLibrary">
<arg>${updateStmt}</arg>
<arg>parameters=${params}</arg>
<doc>Executes the ``sql_string`` as a single SQL command.</doc>
<status status="NOT RUN" start="2025-03-10T16:24:49.194290" elapsed="0.000000"/>
</kw>
<status status="NOT RUN" start="2025-03-10T16:24:49.193278" elapsed="0.001012"/>
</branch>
<status status="PASS" start="2025-03-10T16:24:49.193278" elapsed="0.001012"/>
</if>
<kw name="Set Variable" owner="BuiltIn">
<msg time="2025-03-10T16:24:49.195300" level="INFO">${COUNTER} = 3</msg>
<var>${COUNTER}</var>
<arg>${{${COUNTER} + 1}}</arg>
<doc>Returns the given values which can then be assigned to a variables.</doc>
<status status="PASS" start="2025-03-10T16:24:49.194290" elapsed="0.001010"/>
</kw>
<kw name="Set Variable" owner="BuiltIn">
<msg time="2025-03-10T16:24:49.195300" level="INFO">${invoiceStatus} = 0</msg>
<var>${invoiceStatus}</var>
<arg>0</arg>
<doc>Returns the given values which can then be assigned to a variables.</doc>
<status status="PASS" start="2025-03-10T16:24:49.195300" elapsed="0.000000"/>
</kw>
<kw name="Set Variable" owner="BuiltIn">
<msg time="2025-03-10T16:24:49.195300" level="INFO">${InvoiceComment} = All ok</msg>
<var>${InvoiceComment}</var>
<arg>All ok</arg>
<doc>Returns the given values which can then be assigned to a variables.</doc>
<status status="PASS" start="2025-03-10T16:24:49.195300" elapsed="0.000000"/>
</kw>
<var name="${element}">(1543235, '15432359', 'FI05 1234 5600 7891 01', Decimal('576.60'))</var>
<status status="PASS" start="2025-03-10T16:24:49.185381" elapsed="0.010915"/>
</iter>
<var>${element}</var>
<value>@{Invoices}</value>
<status status="PASS" start="2025-03-10T16:24:49.164087" elapsed="0.032209"/>
</for>
<status status="PASS" start="2025-03-10T16:24:49.067890" elapsed="0.128406"/>
</test>
<status status="PASS" start="2025-03-10T16:24:49.008899" elapsed="0.188184"/>
</suite>
<statistics>
<total>
<stat pass="1" fail="0" skip="0">All Tasks</stat>
</total>
<tag>
</tag>
<suite>
<stat pass="1" fail="0" skip="0" id="s1" name="Project">Project</stat>
</suite>
</statistics>
<errors>
</errors>
</robot>
